[2024-06-29T22:14:12.453+0700] {processor.py:161} INFO - Started process (PID=3739) to work on /home/daniel/airflow/dags/group_dag_v3.py
[2024-06-29T22:14:12.457+0700] {processor.py:830} INFO - Processing file /home/daniel/airflow/dags/group_dag_v3.py for tasks to queue
[2024-06-29T22:14:12.466+0700] {logging_mixin.py:188} INFO - [2024-06-29T22:14:12.465+0700] {dagbag.py:545} INFO - Filling up the DagBag from /home/daniel/airflow/dags/group_dag_v3.py
[2024-06-29T22:14:12.512+0700] {processor.py:840} INFO - DAG(s) 'group_dag_v3' retrieved from /home/daniel/airflow/dags/group_dag_v3.py
[2024-06-29T22:14:12.572+0700] {logging_mixin.py:188} INFO - [2024-06-29T22:14:12.571+0700] {dag.py:3096} INFO - Sync 1 DAGs
[2024-06-29T22:14:12.634+0700] {logging_mixin.py:188} INFO - [2024-06-29T22:14:12.633+0700] {dag.py:3954} INFO - Setting next_dagrun for group_dag_v3 to 2024-06-28 00:00:00+00:00, run_after=2024-06-29 00:00:00+00:00
[2024-06-29T22:14:12.672+0700] {processor.py:183} INFO - Processing /home/daniel/airflow/dags/group_dag_v3.py took 0.253 seconds
[2024-06-29T22:14:43.300+0700] {processor.py:161} INFO - Started process (PID=3890) to work on /home/daniel/airflow/dags/group_dag_v3.py
[2024-06-29T22:14:43.301+0700] {processor.py:830} INFO - Processing file /home/daniel/airflow/dags/group_dag_v3.py for tasks to queue
[2024-06-29T22:14:43.303+0700] {logging_mixin.py:188} INFO - [2024-06-29T22:14:43.302+0700] {dagbag.py:545} INFO - Filling up the DagBag from /home/daniel/airflow/dags/group_dag_v3.py
[2024-06-29T22:14:43.316+0700] {processor.py:840} INFO - DAG(s) 'group_dag_v3' retrieved from /home/daniel/airflow/dags/group_dag_v3.py
[2024-06-29T22:14:43.493+0700] {logging_mixin.py:188} INFO - [2024-06-29T22:14:43.493+0700] {dag.py:3096} INFO - Sync 1 DAGs
[2024-06-29T22:14:43.525+0700] {logging_mixin.py:188} INFO - [2024-06-29T22:14:43.524+0700] {dag.py:3954} INFO - Setting next_dagrun for group_dag_v3 to 2024-06-28 00:00:00+00:00, run_after=2024-06-29 00:00:00+00:00
[2024-06-29T22:14:43.549+0700] {processor.py:183} INFO - Processing /home/daniel/airflow/dags/group_dag_v3.py took 0.256 seconds
[2024-06-29T22:15:13.578+0700] {processor.py:161} INFO - Started process (PID=4034) to work on /home/daniel/airflow/dags/group_dag_v3.py
[2024-06-29T22:15:13.579+0700] {processor.py:830} INFO - Processing file /home/daniel/airflow/dags/group_dag_v3.py for tasks to queue
[2024-06-29T22:15:13.580+0700] {logging_mixin.py:188} INFO - [2024-06-29T22:15:13.580+0700] {dagbag.py:545} INFO - Filling up the DagBag from /home/daniel/airflow/dags/group_dag_v3.py
[2024-06-29T22:15:13.588+0700] {processor.py:840} INFO - DAG(s) 'group_dag_v3' retrieved from /home/daniel/airflow/dags/group_dag_v3.py
[2024-06-29T22:15:13.612+0700] {logging_mixin.py:188} INFO - [2024-06-29T22:15:13.612+0700] {dag.py:3096} INFO - Sync 1 DAGs
[2024-06-29T22:15:13.631+0700] {logging_mixin.py:188} INFO - [2024-06-29T22:15:13.631+0700] {dag.py:3954} INFO - Setting next_dagrun for group_dag_v3 to 2024-06-28 00:00:00+00:00, run_after=2024-06-29 00:00:00+00:00
[2024-06-29T22:15:13.647+0700] {processor.py:183} INFO - Processing /home/daniel/airflow/dags/group_dag_v3.py took 0.074 seconds
[2024-06-29T22:15:43.954+0700] {processor.py:161} INFO - Started process (PID=4202) to work on /home/daniel/airflow/dags/group_dag_v3.py
[2024-06-29T22:15:43.956+0700] {processor.py:830} INFO - Processing file /home/daniel/airflow/dags/group_dag_v3.py for tasks to queue
[2024-06-29T22:15:43.963+0700] {logging_mixin.py:188} INFO - [2024-06-29T22:15:43.962+0700] {dagbag.py:545} INFO - Filling up the DagBag from /home/daniel/airflow/dags/group_dag_v3.py
[2024-06-29T22:15:43.989+0700] {processor.py:840} INFO - DAG(s) 'group_dag_v3' retrieved from /home/daniel/airflow/dags/group_dag_v3.py
[2024-06-29T22:15:44.039+0700] {logging_mixin.py:188} INFO - [2024-06-29T22:15:44.039+0700] {dag.py:3096} INFO - Sync 1 DAGs
[2024-06-29T22:15:44.077+0700] {logging_mixin.py:188} INFO - [2024-06-29T22:15:44.076+0700] {dag.py:3954} INFO - Setting next_dagrun for group_dag_v3 to 2024-06-28 00:00:00+00:00, run_after=2024-06-29 00:00:00+00:00
[2024-06-29T22:15:44.099+0700] {processor.py:183} INFO - Processing /home/daniel/airflow/dags/group_dag_v3.py took 0.167 seconds
[2024-06-29T22:16:14.849+0700] {processor.py:161} INFO - Started process (PID=4344) to work on /home/daniel/airflow/dags/group_dag_v3.py
[2024-06-29T22:16:14.849+0700] {processor.py:830} INFO - Processing file /home/daniel/airflow/dags/group_dag_v3.py for tasks to queue
[2024-06-29T22:16:14.851+0700] {logging_mixin.py:188} INFO - [2024-06-29T22:16:14.850+0700] {dagbag.py:545} INFO - Filling up the DagBag from /home/daniel/airflow/dags/group_dag_v3.py
[2024-06-29T22:16:14.857+0700] {processor.py:840} INFO - DAG(s) 'group_dag_v3' retrieved from /home/daniel/airflow/dags/group_dag_v3.py
[2024-06-29T22:16:14.878+0700] {logging_mixin.py:188} INFO - [2024-06-29T22:16:14.877+0700] {dag.py:3096} INFO - Sync 1 DAGs
[2024-06-29T22:16:14.894+0700] {logging_mixin.py:188} INFO - [2024-06-29T22:16:14.894+0700] {dag.py:3954} INFO - Setting next_dagrun for group_dag_v3 to 2024-06-28 00:00:00+00:00, run_after=2024-06-29 00:00:00+00:00
[2024-06-29T22:16:14.909+0700] {processor.py:183} INFO - Processing /home/daniel/airflow/dags/group_dag_v3.py took 0.065 seconds
[2024-06-29T22:16:45.313+0700] {processor.py:161} INFO - Started process (PID=4488) to work on /home/daniel/airflow/dags/group_dag_v3.py
[2024-06-29T22:16:45.314+0700] {processor.py:830} INFO - Processing file /home/daniel/airflow/dags/group_dag_v3.py for tasks to queue
[2024-06-29T22:16:45.317+0700] {logging_mixin.py:188} INFO - [2024-06-29T22:16:45.316+0700] {dagbag.py:545} INFO - Filling up the DagBag from /home/daniel/airflow/dags/group_dag_v3.py
[2024-06-29T22:16:45.342+0700] {processor.py:840} INFO - DAG(s) 'group_dag_v3' retrieved from /home/daniel/airflow/dags/group_dag_v3.py
[2024-06-29T22:16:45.390+0700] {logging_mixin.py:188} INFO - [2024-06-29T22:16:45.390+0700] {dag.py:3096} INFO - Sync 1 DAGs
[2024-06-29T22:16:45.426+0700] {logging_mixin.py:188} INFO - [2024-06-29T22:16:45.426+0700] {dag.py:3954} INFO - Setting next_dagrun for group_dag_v3 to 2024-06-28 00:00:00+00:00, run_after=2024-06-29 00:00:00+00:00
[2024-06-29T22:16:45.446+0700] {processor.py:183} INFO - Processing /home/daniel/airflow/dags/group_dag_v3.py took 0.142 seconds
[2024-06-29T22:17:15.806+0700] {processor.py:161} INFO - Started process (PID=4632) to work on /home/daniel/airflow/dags/group_dag_v3.py
[2024-06-29T22:17:15.807+0700] {processor.py:830} INFO - Processing file /home/daniel/airflow/dags/group_dag_v3.py for tasks to queue
[2024-06-29T22:17:15.808+0700] {logging_mixin.py:188} INFO - [2024-06-29T22:17:15.808+0700] {dagbag.py:545} INFO - Filling up the DagBag from /home/daniel/airflow/dags/group_dag_v3.py
[2024-06-29T22:17:15.815+0700] {processor.py:840} INFO - DAG(s) 'group_dag_v3' retrieved from /home/daniel/airflow/dags/group_dag_v3.py
[2024-06-29T22:17:15.836+0700] {logging_mixin.py:188} INFO - [2024-06-29T22:17:15.836+0700] {dag.py:3096} INFO - Sync 1 DAGs
[2024-06-29T22:17:15.852+0700] {logging_mixin.py:188} INFO - [2024-06-29T22:17:15.852+0700] {dag.py:3954} INFO - Setting next_dagrun for group_dag_v3 to 2024-06-28 00:00:00+00:00, run_after=2024-06-29 00:00:00+00:00
[2024-06-29T22:17:15.867+0700] {processor.py:183} INFO - Processing /home/daniel/airflow/dags/group_dag_v3.py took 0.066 seconds
[2024-06-29T22:17:46.155+0700] {processor.py:161} INFO - Started process (PID=4775) to work on /home/daniel/airflow/dags/group_dag_v3.py
[2024-06-29T22:17:46.155+0700] {processor.py:830} INFO - Processing file /home/daniel/airflow/dags/group_dag_v3.py for tasks to queue
[2024-06-29T22:17:46.157+0700] {logging_mixin.py:188} INFO - [2024-06-29T22:17:46.157+0700] {dagbag.py:545} INFO - Filling up the DagBag from /home/daniel/airflow/dags/group_dag_v3.py
[2024-06-29T22:17:46.164+0700] {processor.py:840} INFO - DAG(s) 'group_dag_v3' retrieved from /home/daniel/airflow/dags/group_dag_v3.py
[2024-06-29T22:17:46.185+0700] {logging_mixin.py:188} INFO - [2024-06-29T22:17:46.185+0700] {dag.py:3096} INFO - Sync 1 DAGs
[2024-06-29T22:17:46.201+0700] {logging_mixin.py:188} INFO - [2024-06-29T22:17:46.200+0700] {dag.py:3954} INFO - Setting next_dagrun for group_dag_v3 to 2024-06-28 00:00:00+00:00, run_after=2024-06-29 00:00:00+00:00
[2024-06-29T22:17:46.215+0700] {processor.py:183} INFO - Processing /home/daniel/airflow/dags/group_dag_v3.py took 0.065 seconds
[2024-06-29T22:18:16.726+0700] {processor.py:161} INFO - Started process (PID=4918) to work on /home/daniel/airflow/dags/group_dag_v3.py
[2024-06-29T22:18:16.727+0700] {processor.py:830} INFO - Processing file /home/daniel/airflow/dags/group_dag_v3.py for tasks to queue
[2024-06-29T22:18:16.728+0700] {logging_mixin.py:188} INFO - [2024-06-29T22:18:16.728+0700] {dagbag.py:545} INFO - Filling up the DagBag from /home/daniel/airflow/dags/group_dag_v3.py
[2024-06-29T22:18:16.735+0700] {processor.py:840} INFO - DAG(s) 'group_dag_v3' retrieved from /home/daniel/airflow/dags/group_dag_v3.py
[2024-06-29T22:18:16.758+0700] {logging_mixin.py:188} INFO - [2024-06-29T22:18:16.758+0700] {dag.py:3096} INFO - Sync 1 DAGs
[2024-06-29T22:18:16.776+0700] {logging_mixin.py:188} INFO - [2024-06-29T22:18:16.775+0700] {dag.py:3954} INFO - Setting next_dagrun for group_dag_v3 to 2024-06-28 00:00:00+00:00, run_after=2024-06-29 00:00:00+00:00
[2024-06-29T22:18:16.798+0700] {processor.py:183} INFO - Processing /home/daniel/airflow/dags/group_dag_v3.py took 0.078 seconds
[2024-06-29T22:18:47.468+0700] {processor.py:161} INFO - Started process (PID=5063) to work on /home/daniel/airflow/dags/group_dag_v3.py
[2024-06-29T22:18:47.469+0700] {processor.py:830} INFO - Processing file /home/daniel/airflow/dags/group_dag_v3.py for tasks to queue
[2024-06-29T22:18:47.470+0700] {logging_mixin.py:188} INFO - [2024-06-29T22:18:47.470+0700] {dagbag.py:545} INFO - Filling up the DagBag from /home/daniel/airflow/dags/group_dag_v3.py
[2024-06-29T22:18:47.477+0700] {processor.py:840} INFO - DAG(s) 'group_dag_v3' retrieved from /home/daniel/airflow/dags/group_dag_v3.py
[2024-06-29T22:18:47.497+0700] {logging_mixin.py:188} INFO - [2024-06-29T22:18:47.497+0700] {dag.py:3096} INFO - Sync 1 DAGs
[2024-06-29T22:18:47.512+0700] {logging_mixin.py:188} INFO - [2024-06-29T22:18:47.512+0700] {dag.py:3954} INFO - Setting next_dagrun for group_dag_v3 to 2024-06-28 00:00:00+00:00, run_after=2024-06-29 00:00:00+00:00
[2024-06-29T22:18:47.526+0700] {processor.py:183} INFO - Processing /home/daniel/airflow/dags/group_dag_v3.py took 0.063 seconds
[2024-06-29T22:19:17.756+0700] {processor.py:161} INFO - Started process (PID=5204) to work on /home/daniel/airflow/dags/group_dag_v3.py
[2024-06-29T22:19:17.757+0700] {processor.py:830} INFO - Processing file /home/daniel/airflow/dags/group_dag_v3.py for tasks to queue
[2024-06-29T22:19:17.758+0700] {logging_mixin.py:188} INFO - [2024-06-29T22:19:17.758+0700] {dagbag.py:545} INFO - Filling up the DagBag from /home/daniel/airflow/dags/group_dag_v3.py
[2024-06-29T22:19:17.765+0700] {processor.py:840} INFO - DAG(s) 'group_dag_v3' retrieved from /home/daniel/airflow/dags/group_dag_v3.py
[2024-06-29T22:19:17.786+0700] {logging_mixin.py:188} INFO - [2024-06-29T22:19:17.786+0700] {dag.py:3096} INFO - Sync 1 DAGs
[2024-06-29T22:19:17.801+0700] {logging_mixin.py:188} INFO - [2024-06-29T22:19:17.801+0700] {dag.py:3954} INFO - Setting next_dagrun for group_dag_v3 to 2024-06-28 00:00:00+00:00, run_after=2024-06-29 00:00:00+00:00
[2024-06-29T22:19:17.813+0700] {processor.py:183} INFO - Processing /home/daniel/airflow/dags/group_dag_v3.py took 0.062 seconds
[2024-06-29T22:19:47.946+0700] {processor.py:161} INFO - Started process (PID=5366) to work on /home/daniel/airflow/dags/group_dag_v3.py
[2024-06-29T22:19:47.947+0700] {processor.py:830} INFO - Processing file /home/daniel/airflow/dags/group_dag_v3.py for tasks to queue
[2024-06-29T22:19:47.950+0700] {logging_mixin.py:188} INFO - [2024-06-29T22:19:47.950+0700] {dagbag.py:545} INFO - Filling up the DagBag from /home/daniel/airflow/dags/group_dag_v3.py
[2024-06-29T22:19:47.958+0700] {processor.py:840} INFO - DAG(s) 'group_dag_v3' retrieved from /home/daniel/airflow/dags/group_dag_v3.py
[2024-06-29T22:19:47.981+0700] {logging_mixin.py:188} INFO - [2024-06-29T22:19:47.980+0700] {dag.py:3096} INFO - Sync 1 DAGs
[2024-06-29T22:19:47.998+0700] {logging_mixin.py:188} INFO - [2024-06-29T22:19:47.998+0700] {dag.py:3954} INFO - Setting next_dagrun for group_dag_v3 to 2024-06-28 00:00:00+00:00, run_after=2024-06-29 00:00:00+00:00
[2024-06-29T22:19:48.013+0700] {processor.py:183} INFO - Processing /home/daniel/airflow/dags/group_dag_v3.py took 0.072 seconds
[2024-06-29T22:20:18.789+0700] {processor.py:161} INFO - Started process (PID=5521) to work on /home/daniel/airflow/dags/group_dag_v3.py
[2024-06-29T22:20:18.790+0700] {processor.py:830} INFO - Processing file /home/daniel/airflow/dags/group_dag_v3.py for tasks to queue
[2024-06-29T22:20:18.793+0700] {logging_mixin.py:188} INFO - [2024-06-29T22:20:18.792+0700] {dagbag.py:545} INFO - Filling up the DagBag from /home/daniel/airflow/dags/group_dag_v3.py
[2024-06-29T22:20:18.802+0700] {processor.py:840} INFO - DAG(s) 'group_dag_v3' retrieved from /home/daniel/airflow/dags/group_dag_v3.py
[2024-06-29T22:20:18.826+0700] {logging_mixin.py:188} INFO - [2024-06-29T22:20:18.826+0700] {dag.py:3096} INFO - Sync 1 DAGs
[2024-06-29T22:20:18.844+0700] {logging_mixin.py:188} INFO - [2024-06-29T22:20:18.844+0700] {dag.py:3954} INFO - Setting next_dagrun for group_dag_v3 to 2024-06-28 00:00:00+00:00, run_after=2024-06-29 00:00:00+00:00
[2024-06-29T22:20:18.865+0700] {processor.py:183} INFO - Processing /home/daniel/airflow/dags/group_dag_v3.py took 0.082 seconds
[2024-06-29T22:20:49.849+0700] {processor.py:161} INFO - Started process (PID=5682) to work on /home/daniel/airflow/dags/group_dag_v3.py
[2024-06-29T22:20:49.850+0700] {processor.py:830} INFO - Processing file /home/daniel/airflow/dags/group_dag_v3.py for tasks to queue
[2024-06-29T22:20:49.852+0700] {logging_mixin.py:188} INFO - [2024-06-29T22:20:49.852+0700] {dagbag.py:545} INFO - Filling up the DagBag from /home/daniel/airflow/dags/group_dag_v3.py
[2024-06-29T22:20:49.862+0700] {processor.py:840} INFO - DAG(s) 'group_dag_v3' retrieved from /home/daniel/airflow/dags/group_dag_v3.py
[2024-06-29T22:20:49.883+0700] {logging_mixin.py:188} INFO - [2024-06-29T22:20:49.883+0700] {dag.py:3096} INFO - Sync 1 DAGs
[2024-06-29T22:20:49.899+0700] {logging_mixin.py:188} INFO - [2024-06-29T22:20:49.899+0700] {dag.py:3954} INFO - Setting next_dagrun for group_dag_v3 to 2024-06-28 00:00:00+00:00, run_after=2024-06-29 00:00:00+00:00
[2024-06-29T22:20:49.914+0700] {processor.py:183} INFO - Processing /home/daniel/airflow/dags/group_dag_v3.py took 0.073 seconds
[2024-06-29T22:21:20.511+0700] {processor.py:161} INFO - Started process (PID=5938) to work on /home/daniel/airflow/dags/group_dag_v3.py
[2024-06-29T22:21:20.514+0700] {processor.py:830} INFO - Processing file /home/daniel/airflow/dags/group_dag_v3.py for tasks to queue
[2024-06-29T22:21:20.520+0700] {logging_mixin.py:188} INFO - [2024-06-29T22:21:20.520+0700] {dagbag.py:545} INFO - Filling up the DagBag from /home/daniel/airflow/dags/group_dag_v3.py
[2024-06-29T22:21:20.545+0700] {processor.py:840} INFO - DAG(s) 'group_dag_v3' retrieved from /home/daniel/airflow/dags/group_dag_v3.py
[2024-06-29T22:21:20.596+0700] {logging_mixin.py:188} INFO - [2024-06-29T22:21:20.596+0700] {dag.py:3096} INFO - Sync 1 DAGs
[2024-06-29T22:21:20.634+0700] {logging_mixin.py:188} INFO - [2024-06-29T22:21:20.633+0700] {dag.py:3954} INFO - Setting next_dagrun for group_dag_v3 to 2024-06-28 00:00:00+00:00, run_after=2024-06-29 00:00:00+00:00
[2024-06-29T22:21:20.653+0700] {processor.py:183} INFO - Processing /home/daniel/airflow/dags/group_dag_v3.py took 0.162 seconds
[2024-06-29T22:21:51.483+0700] {processor.py:161} INFO - Started process (PID=6123) to work on /home/daniel/airflow/dags/group_dag_v3.py
[2024-06-29T22:21:51.483+0700] {processor.py:830} INFO - Processing file /home/daniel/airflow/dags/group_dag_v3.py for tasks to queue
[2024-06-29T22:21:51.485+0700] {logging_mixin.py:188} INFO - [2024-06-29T22:21:51.485+0700] {dagbag.py:545} INFO - Filling up the DagBag from /home/daniel/airflow/dags/group_dag_v3.py
[2024-06-29T22:21:51.492+0700] {processor.py:840} INFO - DAG(s) 'group_dag_v3' retrieved from /home/daniel/airflow/dags/group_dag_v3.py
[2024-06-29T22:21:51.514+0700] {logging_mixin.py:188} INFO - [2024-06-29T22:21:51.514+0700] {dag.py:3096} INFO - Sync 1 DAGs
[2024-06-29T22:21:51.532+0700] {logging_mixin.py:188} INFO - [2024-06-29T22:21:51.532+0700] {dag.py:3954} INFO - Setting next_dagrun for group_dag_v3 to 2024-06-28 00:00:00+00:00, run_after=2024-06-29 00:00:00+00:00
[2024-06-29T22:21:51.549+0700] {processor.py:183} INFO - Processing /home/daniel/airflow/dags/group_dag_v3.py took 0.072 seconds
[2024-06-29T22:22:22.275+0700] {processor.py:161} INFO - Started process (PID=6306) to work on /home/daniel/airflow/dags/group_dag_v3.py
[2024-06-29T22:22:22.276+0700] {processor.py:830} INFO - Processing file /home/daniel/airflow/dags/group_dag_v3.py for tasks to queue
[2024-06-29T22:22:22.277+0700] {logging_mixin.py:188} INFO - [2024-06-29T22:22:22.277+0700] {dagbag.py:545} INFO - Filling up the DagBag from /home/daniel/airflow/dags/group_dag_v3.py
[2024-06-29T22:22:22.285+0700] {processor.py:840} INFO - DAG(s) 'group_dag_v3' retrieved from /home/daniel/airflow/dags/group_dag_v3.py
[2024-06-29T22:22:22.306+0700] {logging_mixin.py:188} INFO - [2024-06-29T22:22:22.306+0700] {dag.py:3096} INFO - Sync 1 DAGs
[2024-06-29T22:22:22.323+0700] {logging_mixin.py:188} INFO - [2024-06-29T22:22:22.323+0700] {dag.py:3954} INFO - Setting next_dagrun for group_dag_v3 to 2024-06-28 00:00:00+00:00, run_after=2024-06-29 00:00:00+00:00
[2024-06-29T22:22:22.351+0700] {processor.py:183} INFO - Processing /home/daniel/airflow/dags/group_dag_v3.py took 0.081 seconds
[2024-06-29T22:22:52.948+0700] {processor.py:161} INFO - Started process (PID=6454) to work on /home/daniel/airflow/dags/group_dag_v3.py
[2024-06-29T22:22:52.949+0700] {processor.py:830} INFO - Processing file /home/daniel/airflow/dags/group_dag_v3.py for tasks to queue
[2024-06-29T22:22:52.950+0700] {logging_mixin.py:188} INFO - [2024-06-29T22:22:52.950+0700] {dagbag.py:545} INFO - Filling up the DagBag from /home/daniel/airflow/dags/group_dag_v3.py
[2024-06-29T22:22:52.958+0700] {processor.py:840} INFO - DAG(s) 'group_dag_v3' retrieved from /home/daniel/airflow/dags/group_dag_v3.py
[2024-06-29T22:22:52.977+0700] {logging_mixin.py:188} INFO - [2024-06-29T22:22:52.977+0700] {dag.py:3096} INFO - Sync 1 DAGs
[2024-06-29T22:22:52.993+0700] {logging_mixin.py:188} INFO - [2024-06-29T22:22:52.992+0700] {dag.py:3954} INFO - Setting next_dagrun for group_dag_v3 to 2024-06-28 00:00:00+00:00, run_after=2024-06-29 00:00:00+00:00
[2024-06-29T22:22:53.005+0700] {processor.py:183} INFO - Processing /home/daniel/airflow/dags/group_dag_v3.py took 0.063 seconds
[2024-06-29T22:23:23.382+0700] {processor.py:161} INFO - Started process (PID=6599) to work on /home/daniel/airflow/dags/group_dag_v3.py
[2024-06-29T22:23:23.383+0700] {processor.py:830} INFO - Processing file /home/daniel/airflow/dags/group_dag_v3.py for tasks to queue
[2024-06-29T22:23:23.385+0700] {logging_mixin.py:188} INFO - [2024-06-29T22:23:23.384+0700] {dagbag.py:545} INFO - Filling up the DagBag from /home/daniel/airflow/dags/group_dag_v3.py
[2024-06-29T22:23:23.392+0700] {processor.py:840} INFO - DAG(s) 'group_dag_v3' retrieved from /home/daniel/airflow/dags/group_dag_v3.py
[2024-06-29T22:23:23.411+0700] {logging_mixin.py:188} INFO - [2024-06-29T22:23:23.411+0700] {dag.py:3096} INFO - Sync 1 DAGs
[2024-06-29T22:23:23.426+0700] {logging_mixin.py:188} INFO - [2024-06-29T22:23:23.426+0700] {dag.py:3954} INFO - Setting next_dagrun for group_dag_v3 to 2024-06-28 00:00:00+00:00, run_after=2024-06-29 00:00:00+00:00
[2024-06-29T22:23:23.440+0700] {processor.py:183} INFO - Processing /home/daniel/airflow/dags/group_dag_v3.py took 0.063 seconds
[2024-06-29T22:23:54.098+0700] {processor.py:161} INFO - Started process (PID=6751) to work on /home/daniel/airflow/dags/group_dag_v3.py
[2024-06-29T22:23:54.099+0700] {processor.py:830} INFO - Processing file /home/daniel/airflow/dags/group_dag_v3.py for tasks to queue
[2024-06-29T22:23:54.101+0700] {logging_mixin.py:188} INFO - [2024-06-29T22:23:54.100+0700] {dagbag.py:545} INFO - Filling up the DagBag from /home/daniel/airflow/dags/group_dag_v3.py
[2024-06-29T22:23:54.110+0700] {processor.py:840} INFO - DAG(s) 'group_dag_v3' retrieved from /home/daniel/airflow/dags/group_dag_v3.py
[2024-06-29T22:23:54.136+0700] {logging_mixin.py:188} INFO - [2024-06-29T22:23:54.136+0700] {dag.py:3096} INFO - Sync 1 DAGs
[2024-06-29T22:23:54.155+0700] {logging_mixin.py:188} INFO - [2024-06-29T22:23:54.155+0700] {dag.py:3954} INFO - Setting next_dagrun for group_dag_v3 to 2024-06-28 00:00:00+00:00, run_after=2024-06-29 00:00:00+00:00
[2024-06-29T22:23:54.171+0700] {processor.py:183} INFO - Processing /home/daniel/airflow/dags/group_dag_v3.py took 0.078 seconds
[2024-06-29T22:24:25.102+0700] {processor.py:161} INFO - Started process (PID=7048) to work on /home/daniel/airflow/dags/group_dag_v3.py
[2024-06-29T22:24:25.103+0700] {processor.py:830} INFO - Processing file /home/daniel/airflow/dags/group_dag_v3.py for tasks to queue
[2024-06-29T22:24:25.104+0700] {logging_mixin.py:188} INFO - [2024-06-29T22:24:25.104+0700] {dagbag.py:545} INFO - Filling up the DagBag from /home/daniel/airflow/dags/group_dag_v3.py
[2024-06-29T22:24:25.111+0700] {processor.py:840} INFO - DAG(s) 'group_dag_v3' retrieved from /home/daniel/airflow/dags/group_dag_v3.py
[2024-06-29T22:24:25.131+0700] {logging_mixin.py:188} INFO - [2024-06-29T22:24:25.131+0700] {dag.py:3096} INFO - Sync 1 DAGs
[2024-06-29T22:24:25.146+0700] {logging_mixin.py:188} INFO - [2024-06-29T22:24:25.146+0700] {dag.py:3954} INFO - Setting next_dagrun for group_dag_v3 to 2024-06-28 00:00:00+00:00, run_after=2024-06-29 00:00:00+00:00
[2024-06-29T22:24:25.159+0700] {processor.py:183} INFO - Processing /home/daniel/airflow/dags/group_dag_v3.py took 0.062 seconds
[2024-06-29T22:24:55.403+0700] {processor.py:161} INFO - Started process (PID=7215) to work on /home/daniel/airflow/dags/group_dag_v3.py
[2024-06-29T22:24:55.404+0700] {processor.py:830} INFO - Processing file /home/daniel/airflow/dags/group_dag_v3.py for tasks to queue
[2024-06-29T22:24:55.405+0700] {logging_mixin.py:188} INFO - [2024-06-29T22:24:55.405+0700] {dagbag.py:545} INFO - Filling up the DagBag from /home/daniel/airflow/dags/group_dag_v3.py
[2024-06-29T22:24:55.412+0700] {processor.py:840} INFO - DAG(s) 'group_dag_v3' retrieved from /home/daniel/airflow/dags/group_dag_v3.py
[2024-06-29T22:24:55.433+0700] {logging_mixin.py:188} INFO - [2024-06-29T22:24:55.433+0700] {dag.py:3096} INFO - Sync 1 DAGs
[2024-06-29T22:24:55.449+0700] {logging_mixin.py:188} INFO - [2024-06-29T22:24:55.449+0700] {dag.py:3954} INFO - Setting next_dagrun for group_dag_v3 to 2024-06-28 00:00:00+00:00, run_after=2024-06-29 00:00:00+00:00
[2024-06-29T22:24:55.462+0700] {processor.py:183} INFO - Processing /home/daniel/airflow/dags/group_dag_v3.py took 0.065 seconds
[2024-06-29T22:25:26.089+0700] {processor.py:161} INFO - Started process (PID=7365) to work on /home/daniel/airflow/dags/group_dag_v3.py
[2024-06-29T22:25:26.091+0700] {processor.py:830} INFO - Processing file /home/daniel/airflow/dags/group_dag_v3.py for tasks to queue
[2024-06-29T22:25:26.093+0700] {logging_mixin.py:188} INFO - [2024-06-29T22:25:26.093+0700] {dagbag.py:545} INFO - Filling up the DagBag from /home/daniel/airflow/dags/group_dag_v3.py
[2024-06-29T22:25:26.111+0700] {processor.py:840} INFO - DAG(s) 'group_dag_v3' retrieved from /home/daniel/airflow/dags/group_dag_v3.py
[2024-06-29T22:25:26.142+0700] {logging_mixin.py:188} INFO - [2024-06-29T22:25:26.142+0700] {dag.py:3096} INFO - Sync 1 DAGs
[2024-06-29T22:25:26.170+0700] {logging_mixin.py:188} INFO - [2024-06-29T22:25:26.169+0700] {dag.py:3954} INFO - Setting next_dagrun for group_dag_v3 to 2024-06-28 00:00:00+00:00, run_after=2024-06-29 00:00:00+00:00
[2024-06-29T22:25:26.196+0700] {processor.py:183} INFO - Processing /home/daniel/airflow/dags/group_dag_v3.py took 0.123 seconds
[2024-06-29T22:25:57.097+0700] {processor.py:161} INFO - Started process (PID=7535) to work on /home/daniel/airflow/dags/group_dag_v3.py
[2024-06-29T22:25:57.098+0700] {processor.py:830} INFO - Processing file /home/daniel/airflow/dags/group_dag_v3.py for tasks to queue
[2024-06-29T22:25:57.100+0700] {logging_mixin.py:188} INFO - [2024-06-29T22:25:57.099+0700] {dagbag.py:545} INFO - Filling up the DagBag from /home/daniel/airflow/dags/group_dag_v3.py
[2024-06-29T22:25:57.107+0700] {processor.py:840} INFO - DAG(s) 'group_dag_v3' retrieved from /home/daniel/airflow/dags/group_dag_v3.py
[2024-06-29T22:25:57.129+0700] {logging_mixin.py:188} INFO - [2024-06-29T22:25:57.129+0700] {dag.py:3096} INFO - Sync 1 DAGs
[2024-06-29T22:25:57.145+0700] {logging_mixin.py:188} INFO - [2024-06-29T22:25:57.145+0700] {dag.py:3954} INFO - Setting next_dagrun for group_dag_v3 to 2024-06-28 00:00:00+00:00, run_after=2024-06-29 00:00:00+00:00
[2024-06-29T22:25:57.157+0700] {processor.py:183} INFO - Processing /home/daniel/airflow/dags/group_dag_v3.py took 0.066 seconds
[2024-06-29T22:26:27.853+0700] {processor.py:161} INFO - Started process (PID=7727) to work on /home/daniel/airflow/dags/group_dag_v3.py
[2024-06-29T22:26:27.854+0700] {processor.py:830} INFO - Processing file /home/daniel/airflow/dags/group_dag_v3.py for tasks to queue
[2024-06-29T22:26:27.856+0700] {logging_mixin.py:188} INFO - [2024-06-29T22:26:27.856+0700] {dagbag.py:545} INFO - Filling up the DagBag from /home/daniel/airflow/dags/group_dag_v3.py
[2024-06-29T22:26:27.863+0700] {processor.py:840} INFO - DAG(s) 'group_dag_v3' retrieved from /home/daniel/airflow/dags/group_dag_v3.py
[2024-06-29T22:26:27.884+0700] {logging_mixin.py:188} INFO - [2024-06-29T22:26:27.884+0700] {dag.py:3096} INFO - Sync 1 DAGs
[2024-06-29T22:26:27.900+0700] {logging_mixin.py:188} INFO - [2024-06-29T22:26:27.899+0700] {dag.py:3954} INFO - Setting next_dagrun for group_dag_v3 to 2024-06-28 00:00:00+00:00, run_after=2024-06-29 00:00:00+00:00
[2024-06-29T22:26:27.912+0700] {processor.py:183} INFO - Processing /home/daniel/airflow/dags/group_dag_v3.py took 0.064 seconds
[2024-06-29T22:26:58.337+0700] {processor.py:161} INFO - Started process (PID=7869) to work on /home/daniel/airflow/dags/group_dag_v3.py
[2024-06-29T22:26:58.338+0700] {processor.py:830} INFO - Processing file /home/daniel/airflow/dags/group_dag_v3.py for tasks to queue
[2024-06-29T22:26:58.340+0700] {logging_mixin.py:188} INFO - [2024-06-29T22:26:58.340+0700] {dagbag.py:545} INFO - Filling up the DagBag from /home/daniel/airflow/dags/group_dag_v3.py
[2024-06-29T22:26:58.350+0700] {processor.py:840} INFO - DAG(s) 'group_dag_v3' retrieved from /home/daniel/airflow/dags/group_dag_v3.py
[2024-06-29T22:26:58.374+0700] {logging_mixin.py:188} INFO - [2024-06-29T22:26:58.374+0700] {dag.py:3096} INFO - Sync 1 DAGs
[2024-06-29T22:26:58.390+0700] {logging_mixin.py:188} INFO - [2024-06-29T22:26:58.389+0700] {dag.py:3954} INFO - Setting next_dagrun for group_dag_v3 to 2024-06-28 00:00:00+00:00, run_after=2024-06-29 00:00:00+00:00
[2024-06-29T22:26:58.403+0700] {processor.py:183} INFO - Processing /home/daniel/airflow/dags/group_dag_v3.py took 0.071 seconds
[2024-06-29T22:27:28.939+0700] {processor.py:161} INFO - Started process (PID=8012) to work on /home/daniel/airflow/dags/group_dag_v3.py
[2024-06-29T22:27:28.940+0700] {processor.py:830} INFO - Processing file /home/daniel/airflow/dags/group_dag_v3.py for tasks to queue
[2024-06-29T22:27:28.941+0700] {logging_mixin.py:188} INFO - [2024-06-29T22:27:28.941+0700] {dagbag.py:545} INFO - Filling up the DagBag from /home/daniel/airflow/dags/group_dag_v3.py
[2024-06-29T22:27:28.948+0700] {processor.py:840} INFO - DAG(s) 'group_dag_v3' retrieved from /home/daniel/airflow/dags/group_dag_v3.py
[2024-06-29T22:27:28.969+0700] {logging_mixin.py:188} INFO - [2024-06-29T22:27:28.969+0700] {dag.py:3096} INFO - Sync 1 DAGs
[2024-06-29T22:27:28.984+0700] {logging_mixin.py:188} INFO - [2024-06-29T22:27:28.984+0700] {dag.py:3954} INFO - Setting next_dagrun for group_dag_v3 to 2024-06-28 00:00:00+00:00, run_after=2024-06-29 00:00:00+00:00
[2024-06-29T22:27:28.997+0700] {processor.py:183} INFO - Processing /home/daniel/airflow/dags/group_dag_v3.py took 0.063 seconds
[2024-06-29T22:27:59.470+0700] {processor.py:161} INFO - Started process (PID=8153) to work on /home/daniel/airflow/dags/group_dag_v3.py
[2024-06-29T22:27:59.471+0700] {processor.py:830} INFO - Processing file /home/daniel/airflow/dags/group_dag_v3.py for tasks to queue
[2024-06-29T22:27:59.472+0700] {logging_mixin.py:188} INFO - [2024-06-29T22:27:59.472+0700] {dagbag.py:545} INFO - Filling up the DagBag from /home/daniel/airflow/dags/group_dag_v3.py
[2024-06-29T22:27:59.480+0700] {processor.py:840} INFO - DAG(s) 'group_dag_v3' retrieved from /home/daniel/airflow/dags/group_dag_v3.py
[2024-06-29T22:27:59.501+0700] {logging_mixin.py:188} INFO - [2024-06-29T22:27:59.501+0700] {dag.py:3096} INFO - Sync 1 DAGs
[2024-06-29T22:27:59.518+0700] {logging_mixin.py:188} INFO - [2024-06-29T22:27:59.518+0700] {dag.py:3954} INFO - Setting next_dagrun for group_dag_v3 to 2024-06-28 00:00:00+00:00, run_after=2024-06-29 00:00:00+00:00
[2024-06-29T22:27:59.532+0700] {processor.py:183} INFO - Processing /home/daniel/airflow/dags/group_dag_v3.py took 0.067 seconds
[2024-06-29T22:28:30.047+0700] {processor.py:161} INFO - Started process (PID=8297) to work on /home/daniel/airflow/dags/group_dag_v3.py
[2024-06-29T22:28:30.047+0700] {processor.py:830} INFO - Processing file /home/daniel/airflow/dags/group_dag_v3.py for tasks to queue
[2024-06-29T22:28:30.049+0700] {logging_mixin.py:188} INFO - [2024-06-29T22:28:30.048+0700] {dagbag.py:545} INFO - Filling up the DagBag from /home/daniel/airflow/dags/group_dag_v3.py
[2024-06-29T22:28:30.056+0700] {processor.py:840} INFO - DAG(s) 'group_dag_v3' retrieved from /home/daniel/airflow/dags/group_dag_v3.py
[2024-06-29T22:28:30.078+0700] {logging_mixin.py:188} INFO - [2024-06-29T22:28:30.077+0700] {dag.py:3096} INFO - Sync 1 DAGs
[2024-06-29T22:28:30.094+0700] {logging_mixin.py:188} INFO - [2024-06-29T22:28:30.094+0700] {dag.py:3954} INFO - Setting next_dagrun for group_dag_v3 to 2024-06-28 00:00:00+00:00, run_after=2024-06-29 00:00:00+00:00
[2024-06-29T22:28:30.107+0700] {processor.py:183} INFO - Processing /home/daniel/airflow/dags/group_dag_v3.py took 0.067 seconds
[2024-06-29T22:29:00.560+0700] {processor.py:161} INFO - Started process (PID=8439) to work on /home/daniel/airflow/dags/group_dag_v3.py
[2024-06-29T22:29:00.561+0700] {processor.py:830} INFO - Processing file /home/daniel/airflow/dags/group_dag_v3.py for tasks to queue
[2024-06-29T22:29:00.562+0700] {logging_mixin.py:188} INFO - [2024-06-29T22:29:00.562+0700] {dagbag.py:545} INFO - Filling up the DagBag from /home/daniel/airflow/dags/group_dag_v3.py
[2024-06-29T22:29:00.570+0700] {processor.py:840} INFO - DAG(s) 'group_dag_v3' retrieved from /home/daniel/airflow/dags/group_dag_v3.py
[2024-06-29T22:29:00.591+0700] {logging_mixin.py:188} INFO - [2024-06-29T22:29:00.591+0700] {dag.py:3096} INFO - Sync 1 DAGs
[2024-06-29T22:29:00.608+0700] {logging_mixin.py:188} INFO - [2024-06-29T22:29:00.608+0700] {dag.py:3954} INFO - Setting next_dagrun for group_dag_v3 to 2024-06-28 00:00:00+00:00, run_after=2024-06-29 00:00:00+00:00
[2024-06-29T22:29:00.622+0700] {processor.py:183} INFO - Processing /home/daniel/airflow/dags/group_dag_v3.py took 0.068 seconds
[2024-06-29T22:29:31.485+0700] {processor.py:161} INFO - Started process (PID=8583) to work on /home/daniel/airflow/dags/group_dag_v3.py
[2024-06-29T22:29:31.486+0700] {processor.py:830} INFO - Processing file /home/daniel/airflow/dags/group_dag_v3.py for tasks to queue
[2024-06-29T22:29:31.488+0700] {logging_mixin.py:188} INFO - [2024-06-29T22:29:31.487+0700] {dagbag.py:545} INFO - Filling up the DagBag from /home/daniel/airflow/dags/group_dag_v3.py
[2024-06-29T22:29:31.495+0700] {processor.py:840} INFO - DAG(s) 'group_dag_v3' retrieved from /home/daniel/airflow/dags/group_dag_v3.py
[2024-06-29T22:29:31.516+0700] {logging_mixin.py:188} INFO - [2024-06-29T22:29:31.516+0700] {dag.py:3096} INFO - Sync 1 DAGs
[2024-06-29T22:29:31.532+0700] {logging_mixin.py:188} INFO - [2024-06-29T22:29:31.532+0700] {dag.py:3954} INFO - Setting next_dagrun for group_dag_v3 to 2024-06-28 00:00:00+00:00, run_after=2024-06-29 00:00:00+00:00
[2024-06-29T22:29:31.545+0700] {processor.py:183} INFO - Processing /home/daniel/airflow/dags/group_dag_v3.py took 0.065 seconds
[2024-06-29T22:30:01.994+0700] {processor.py:161} INFO - Started process (PID=8729) to work on /home/daniel/airflow/dags/group_dag_v3.py
[2024-06-29T22:30:01.995+0700] {processor.py:830} INFO - Processing file /home/daniel/airflow/dags/group_dag_v3.py for tasks to queue
[2024-06-29T22:30:01.997+0700] {logging_mixin.py:188} INFO - [2024-06-29T22:30:01.997+0700] {dagbag.py:545} INFO - Filling up the DagBag from /home/daniel/airflow/dags/group_dag_v3.py
[2024-06-29T22:30:02.005+0700] {processor.py:840} INFO - DAG(s) 'group_dag_v3' retrieved from /home/daniel/airflow/dags/group_dag_v3.py
[2024-06-29T22:30:02.027+0700] {logging_mixin.py:188} INFO - [2024-06-29T22:30:02.026+0700] {dag.py:3096} INFO - Sync 1 DAGs
[2024-06-29T22:30:02.045+0700] {logging_mixin.py:188} INFO - [2024-06-29T22:30:02.044+0700] {dag.py:3954} INFO - Setting next_dagrun for group_dag_v3 to 2024-06-28 00:00:00+00:00, run_after=2024-06-29 00:00:00+00:00
[2024-06-29T22:30:02.057+0700] {processor.py:183} INFO - Processing /home/daniel/airflow/dags/group_dag_v3.py took 0.068 seconds
[2024-06-29T22:30:32.953+0700] {processor.py:161} INFO - Started process (PID=8872) to work on /home/daniel/airflow/dags/group_dag_v3.py
[2024-06-29T22:30:32.953+0700] {processor.py:830} INFO - Processing file /home/daniel/airflow/dags/group_dag_v3.py for tasks to queue
[2024-06-29T22:30:32.955+0700] {logging_mixin.py:188} INFO - [2024-06-29T22:30:32.955+0700] {dagbag.py:545} INFO - Filling up the DagBag from /home/daniel/airflow/dags/group_dag_v3.py
[2024-06-29T22:30:32.962+0700] {processor.py:840} INFO - DAG(s) 'group_dag_v3' retrieved from /home/daniel/airflow/dags/group_dag_v3.py
[2024-06-29T22:30:32.983+0700] {logging_mixin.py:188} INFO - [2024-06-29T22:30:32.982+0700] {dag.py:3096} INFO - Sync 1 DAGs
[2024-06-29T22:30:33.000+0700] {logging_mixin.py:188} INFO - [2024-06-29T22:30:33.000+0700] {dag.py:3954} INFO - Setting next_dagrun for group_dag_v3 to 2024-06-28 00:00:00+00:00, run_after=2024-06-29 00:00:00+00:00
[2024-06-29T22:30:33.013+0700] {processor.py:183} INFO - Processing /home/daniel/airflow/dags/group_dag_v3.py took 0.065 seconds
[2024-06-29T22:31:03.740+0700] {processor.py:161} INFO - Started process (PID=9014) to work on /home/daniel/airflow/dags/group_dag_v3.py
[2024-06-29T22:31:03.741+0700] {processor.py:830} INFO - Processing file /home/daniel/airflow/dags/group_dag_v3.py for tasks to queue
[2024-06-29T22:31:03.742+0700] {logging_mixin.py:188} INFO - [2024-06-29T22:31:03.742+0700] {dagbag.py:545} INFO - Filling up the DagBag from /home/daniel/airflow/dags/group_dag_v3.py
[2024-06-29T22:31:03.749+0700] {processor.py:840} INFO - DAG(s) 'group_dag_v3' retrieved from /home/daniel/airflow/dags/group_dag_v3.py
[2024-06-29T22:31:03.769+0700] {logging_mixin.py:188} INFO - [2024-06-29T22:31:03.769+0700] {dag.py:3096} INFO - Sync 1 DAGs
[2024-06-29T22:31:03.785+0700] {logging_mixin.py:188} INFO - [2024-06-29T22:31:03.785+0700] {dag.py:3954} INFO - Setting next_dagrun for group_dag_v3 to 2024-06-28 00:00:00+00:00, run_after=2024-06-29 00:00:00+00:00
[2024-06-29T22:31:03.798+0700] {processor.py:183} INFO - Processing /home/daniel/airflow/dags/group_dag_v3.py took 0.064 seconds
[2024-06-29T22:31:34.697+0700] {processor.py:161} INFO - Started process (PID=9192) to work on /home/daniel/airflow/dags/group_dag_v3.py
[2024-06-29T22:31:34.698+0700] {processor.py:830} INFO - Processing file /home/daniel/airflow/dags/group_dag_v3.py for tasks to queue
[2024-06-29T22:31:34.699+0700] {logging_mixin.py:188} INFO - [2024-06-29T22:31:34.699+0700] {dagbag.py:545} INFO - Filling up the DagBag from /home/daniel/airflow/dags/group_dag_v3.py
[2024-06-29T22:31:34.706+0700] {processor.py:840} INFO - DAG(s) 'group_dag_v3' retrieved from /home/daniel/airflow/dags/group_dag_v3.py
[2024-06-29T22:31:34.727+0700] {logging_mixin.py:188} INFO - [2024-06-29T22:31:34.727+0700] {dag.py:3096} INFO - Sync 1 DAGs
[2024-06-29T22:31:34.744+0700] {logging_mixin.py:188} INFO - [2024-06-29T22:31:34.744+0700] {dag.py:3954} INFO - Setting next_dagrun for group_dag_v3 to 2024-06-28 00:00:00+00:00, run_after=2024-06-29 00:00:00+00:00
[2024-06-29T22:31:34.758+0700] {processor.py:183} INFO - Processing /home/daniel/airflow/dags/group_dag_v3.py took 0.066 seconds
[2024-06-29T22:32:05.284+0700] {processor.py:161} INFO - Started process (PID=9364) to work on /home/daniel/airflow/dags/group_dag_v3.py
[2024-06-29T22:32:05.285+0700] {processor.py:830} INFO - Processing file /home/daniel/airflow/dags/group_dag_v3.py for tasks to queue
[2024-06-29T22:32:05.287+0700] {logging_mixin.py:188} INFO - [2024-06-29T22:32:05.286+0700] {dagbag.py:545} INFO - Filling up the DagBag from /home/daniel/airflow/dags/group_dag_v3.py
[2024-06-29T22:32:05.294+0700] {processor.py:840} INFO - DAG(s) 'group_dag_v3' retrieved from /home/daniel/airflow/dags/group_dag_v3.py
[2024-06-29T22:32:05.316+0700] {logging_mixin.py:188} INFO - [2024-06-29T22:32:05.316+0700] {dag.py:3096} INFO - Sync 1 DAGs
[2024-06-29T22:32:05.335+0700] {logging_mixin.py:188} INFO - [2024-06-29T22:32:05.335+0700] {dag.py:3954} INFO - Setting next_dagrun for group_dag_v3 to 2024-06-28 00:00:00+00:00, run_after=2024-06-29 00:00:00+00:00
[2024-06-29T22:32:05.348+0700] {processor.py:183} INFO - Processing /home/daniel/airflow/dags/group_dag_v3.py took 0.070 seconds
[2024-06-29T22:32:35.842+0700] {processor.py:161} INFO - Started process (PID=9518) to work on /home/daniel/airflow/dags/group_dag_v3.py
[2024-06-29T22:32:35.843+0700] {processor.py:830} INFO - Processing file /home/daniel/airflow/dags/group_dag_v3.py for tasks to queue
[2024-06-29T22:32:35.845+0700] {logging_mixin.py:188} INFO - [2024-06-29T22:32:35.844+0700] {dagbag.py:545} INFO - Filling up the DagBag from /home/daniel/airflow/dags/group_dag_v3.py
[2024-06-29T22:32:35.853+0700] {processor.py:840} INFO - DAG(s) 'group_dag_v3' retrieved from /home/daniel/airflow/dags/group_dag_v3.py
[2024-06-29T22:32:35.873+0700] {logging_mixin.py:188} INFO - [2024-06-29T22:32:35.873+0700] {dag.py:3096} INFO - Sync 1 DAGs
[2024-06-29T22:32:35.889+0700] {logging_mixin.py:188} INFO - [2024-06-29T22:32:35.889+0700] {dag.py:3954} INFO - Setting next_dagrun for group_dag_v3 to 2024-06-28 00:00:00+00:00, run_after=2024-06-29 00:00:00+00:00
[2024-06-29T22:32:35.903+0700] {processor.py:183} INFO - Processing /home/daniel/airflow/dags/group_dag_v3.py took 0.067 seconds
[2024-06-29T22:33:06.611+0700] {processor.py:161} INFO - Started process (PID=11072) to work on /home/daniel/airflow/dags/group_dag_v3.py
[2024-06-29T22:33:06.612+0700] {processor.py:830} INFO - Processing file /home/daniel/airflow/dags/group_dag_v3.py for tasks to queue
[2024-06-29T22:33:06.614+0700] {logging_mixin.py:188} INFO - [2024-06-29T22:33:06.613+0700] {dagbag.py:545} INFO - Filling up the DagBag from /home/daniel/airflow/dags/group_dag_v3.py
[2024-06-29T22:33:06.621+0700] {processor.py:840} INFO - DAG(s) 'group_dag_v3' retrieved from /home/daniel/airflow/dags/group_dag_v3.py
[2024-06-29T22:33:06.643+0700] {logging_mixin.py:188} INFO - [2024-06-29T22:33:06.642+0700] {dag.py:3096} INFO - Sync 1 DAGs
[2024-06-29T22:33:06.658+0700] {logging_mixin.py:188} INFO - [2024-06-29T22:33:06.658+0700] {dag.py:3954} INFO - Setting next_dagrun for group_dag_v3 to 2024-06-28 00:00:00+00:00, run_after=2024-06-29 00:00:00+00:00
[2024-06-29T22:33:06.671+0700] {processor.py:183} INFO - Processing /home/daniel/airflow/dags/group_dag_v3.py took 0.066 seconds
[2024-06-29T22:33:37.364+0700] {processor.py:161} INFO - Started process (PID=11229) to work on /home/daniel/airflow/dags/group_dag_v3.py
[2024-06-29T22:33:37.365+0700] {processor.py:830} INFO - Processing file /home/daniel/airflow/dags/group_dag_v3.py for tasks to queue
[2024-06-29T22:33:37.367+0700] {logging_mixin.py:188} INFO - [2024-06-29T22:33:37.367+0700] {dagbag.py:545} INFO - Filling up the DagBag from /home/daniel/airflow/dags/group_dag_v3.py
[2024-06-29T22:33:37.374+0700] {processor.py:840} INFO - DAG(s) 'group_dag_v3' retrieved from /home/daniel/airflow/dags/group_dag_v3.py
[2024-06-29T22:33:37.397+0700] {logging_mixin.py:188} INFO - [2024-06-29T22:33:37.396+0700] {dag.py:3096} INFO - Sync 1 DAGs
[2024-06-29T22:33:37.414+0700] {logging_mixin.py:188} INFO - [2024-06-29T22:33:37.413+0700] {dag.py:3954} INFO - Setting next_dagrun for group_dag_v3 to 2024-06-28 00:00:00+00:00, run_after=2024-06-29 00:00:00+00:00
[2024-06-29T22:33:37.428+0700] {processor.py:183} INFO - Processing /home/daniel/airflow/dags/group_dag_v3.py took 0.069 seconds
[2024-06-29T22:34:07.930+0700] {processor.py:161} INFO - Started process (PID=11382) to work on /home/daniel/airflow/dags/group_dag_v3.py
[2024-06-29T22:34:07.931+0700] {processor.py:830} INFO - Processing file /home/daniel/airflow/dags/group_dag_v3.py for tasks to queue
[2024-06-29T22:34:07.933+0700] {logging_mixin.py:188} INFO - [2024-06-29T22:34:07.932+0700] {dagbag.py:545} INFO - Filling up the DagBag from /home/daniel/airflow/dags/group_dag_v3.py
[2024-06-29T22:34:07.940+0700] {processor.py:840} INFO - DAG(s) 'group_dag_v3' retrieved from /home/daniel/airflow/dags/group_dag_v3.py
[2024-06-29T22:34:07.966+0700] {logging_mixin.py:188} INFO - [2024-06-29T22:34:07.965+0700] {dag.py:3096} INFO - Sync 1 DAGs
[2024-06-29T22:34:07.984+0700] {logging_mixin.py:188} INFO - [2024-06-29T22:34:07.984+0700] {dag.py:3954} INFO - Setting next_dagrun for group_dag_v3 to 2024-06-28 00:00:00+00:00, run_after=2024-06-29 00:00:00+00:00
[2024-06-29T22:34:08.000+0700] {processor.py:183} INFO - Processing /home/daniel/airflow/dags/group_dag_v3.py took 0.076 seconds
[2024-06-29T22:34:38.929+0700] {processor.py:161} INFO - Started process (PID=11547) to work on /home/daniel/airflow/dags/group_dag_v3.py
[2024-06-29T22:34:38.930+0700] {processor.py:830} INFO - Processing file /home/daniel/airflow/dags/group_dag_v3.py for tasks to queue
[2024-06-29T22:34:38.931+0700] {logging_mixin.py:188} INFO - [2024-06-29T22:34:38.931+0700] {dagbag.py:545} INFO - Filling up the DagBag from /home/daniel/airflow/dags/group_dag_v3.py
[2024-06-29T22:34:38.940+0700] {processor.py:840} INFO - DAG(s) 'group_dag_v3' retrieved from /home/daniel/airflow/dags/group_dag_v3.py
[2024-06-29T22:34:38.961+0700] {logging_mixin.py:188} INFO - [2024-06-29T22:34:38.960+0700] {dag.py:3096} INFO - Sync 1 DAGs
[2024-06-29T22:34:38.977+0700] {logging_mixin.py:188} INFO - [2024-06-29T22:34:38.977+0700] {dag.py:3954} INFO - Setting next_dagrun for group_dag_v3 to 2024-06-28 00:00:00+00:00, run_after=2024-06-29 00:00:00+00:00
[2024-06-29T22:34:38.990+0700] {processor.py:183} INFO - Processing /home/daniel/airflow/dags/group_dag_v3.py took 0.068 seconds
[2024-06-29T22:35:09.610+0700] {processor.py:161} INFO - Started process (PID=11700) to work on /home/daniel/airflow/dags/group_dag_v3.py
[2024-06-29T22:35:09.611+0700] {processor.py:830} INFO - Processing file /home/daniel/airflow/dags/group_dag_v3.py for tasks to queue
[2024-06-29T22:35:09.613+0700] {logging_mixin.py:188} INFO - [2024-06-29T22:35:09.613+0700] {dagbag.py:545} INFO - Filling up the DagBag from /home/daniel/airflow/dags/group_dag_v3.py
[2024-06-29T22:35:09.620+0700] {processor.py:840} INFO - DAG(s) 'group_dag_v3' retrieved from /home/daniel/airflow/dags/group_dag_v3.py
[2024-06-29T22:35:09.640+0700] {logging_mixin.py:188} INFO - [2024-06-29T22:35:09.640+0700] {dag.py:3096} INFO - Sync 1 DAGs
[2024-06-29T22:35:09.656+0700] {logging_mixin.py:188} INFO - [2024-06-29T22:35:09.656+0700] {dag.py:3954} INFO - Setting next_dagrun for group_dag_v3 to 2024-06-28 00:00:00+00:00, run_after=2024-06-29 00:00:00+00:00
[2024-06-29T22:35:09.669+0700] {processor.py:183} INFO - Processing /home/daniel/airflow/dags/group_dag_v3.py took 0.063 seconds
[2024-06-29T22:35:40.655+0700] {processor.py:161} INFO - Started process (PID=11843) to work on /home/daniel/airflow/dags/group_dag_v3.py
[2024-06-29T22:35:40.656+0700] {processor.py:830} INFO - Processing file /home/daniel/airflow/dags/group_dag_v3.py for tasks to queue
[2024-06-29T22:35:40.657+0700] {logging_mixin.py:188} INFO - [2024-06-29T22:35:40.657+0700] {dagbag.py:545} INFO - Filling up the DagBag from /home/daniel/airflow/dags/group_dag_v3.py
[2024-06-29T22:35:40.664+0700] {processor.py:840} INFO - DAG(s) 'group_dag_v3' retrieved from /home/daniel/airflow/dags/group_dag_v3.py
[2024-06-29T22:35:40.685+0700] {logging_mixin.py:188} INFO - [2024-06-29T22:35:40.685+0700] {dag.py:3096} INFO - Sync 1 DAGs
[2024-06-29T22:35:40.701+0700] {logging_mixin.py:188} INFO - [2024-06-29T22:35:40.700+0700] {dag.py:3954} INFO - Setting next_dagrun for group_dag_v3 to 2024-06-28 00:00:00+00:00, run_after=2024-06-29 00:00:00+00:00
[2024-06-29T22:35:40.716+0700] {processor.py:183} INFO - Processing /home/daniel/airflow/dags/group_dag_v3.py took 0.067 seconds
[2024-06-29T22:36:11.606+0700] {processor.py:161} INFO - Started process (PID=12017) to work on /home/daniel/airflow/dags/group_dag_v3.py
[2024-06-29T22:36:11.607+0700] {processor.py:830} INFO - Processing file /home/daniel/airflow/dags/group_dag_v3.py for tasks to queue
[2024-06-29T22:36:11.609+0700] {logging_mixin.py:188} INFO - [2024-06-29T22:36:11.608+0700] {dagbag.py:545} INFO - Filling up the DagBag from /home/daniel/airflow/dags/group_dag_v3.py
[2024-06-29T22:36:11.616+0700] {processor.py:840} INFO - DAG(s) 'group_dag_v3' retrieved from /home/daniel/airflow/dags/group_dag_v3.py
[2024-06-29T22:36:11.637+0700] {logging_mixin.py:188} INFO - [2024-06-29T22:36:11.637+0700] {dag.py:3096} INFO - Sync 1 DAGs
[2024-06-29T22:36:11.655+0700] {logging_mixin.py:188} INFO - [2024-06-29T22:36:11.655+0700] {dag.py:3954} INFO - Setting next_dagrun for group_dag_v3 to 2024-06-28 00:00:00+00:00, run_after=2024-06-29 00:00:00+00:00
[2024-06-29T22:36:11.668+0700] {processor.py:183} INFO - Processing /home/daniel/airflow/dags/group_dag_v3.py took 0.067 seconds
