[2024-06-24T11:54:17.791+0700] {local_task_job_runner.py:120} INFO - ::group::Pre task execution logs
[2024-06-24T11:54:17.810+0700] {taskinstance.py:2076} INFO - Dependencies all met for dep_context=non-requeueable deps ti=<TaskInstance: user_processing.extract_user manual__2024-06-24T04:54:15.608589+00:00 [queued]>
[2024-06-24T11:54:17.819+0700] {taskinstance.py:2076} INFO - Dependencies all met for dep_context=requeueable deps ti=<TaskInstance: user_processing.extract_user manual__2024-06-24T04:54:15.608589+00:00 [queued]>
[2024-06-24T11:54:17.820+0700] {taskinstance.py:2306} INFO - Starting attempt 1 of 1
[2024-06-24T11:54:17.835+0700] {taskinstance.py:2330} INFO - Executing <Task(SimpleHttpOperator): extract_user> on 2024-06-24 04:54:15.608589+00:00
[2024-06-24T11:54:17.844+0700] {standard_task_runner.py:63} INFO - Started process 31703 to run task
[2024-06-24T11:54:17.871+0700] {standard_task_runner.py:90} INFO - Running: ['***', 'tasks', 'run', 'user_processing', 'extract_user', 'manual__2024-06-24T04:54:15.608589+00:00', '--job-id', '15', '--raw', '--subdir', 'DAGS_FOLDER/user_processing.py', '--cfg-path', '/tmp/tmp_afdykum']
[2024-06-24T11:54:17.873+0700] {standard_task_runner.py:91} INFO - Job 15: Subtask extract_user
[2024-06-24T11:54:17.955+0700] {task_command.py:426} INFO - Running <TaskInstance: user_processing.extract_user manual__2024-06-24T04:54:15.608589+00:00 [running]> on host daniel
[2024-06-24T11:54:18.067+0700] {taskinstance.py:2648} INFO - Exporting env vars: AIRFLOW_CTX_DAG_OWNER='***' AIRFLOW_CTX_DAG_ID='user_processing' AIRFLOW_CTX_TASK_ID='extract_user' AIRFLOW_CTX_EXECUTION_DATE='2024-06-24T04:54:15.608589+00:00' AIRFLOW_CTX_TRY_NUMBER='1' AIRFLOW_CTX_DAG_RUN_ID='manual__2024-06-24T04:54:15.608589+00:00'
[2024-06-24T11:54:18.069+0700] {taskinstance.py:430} INFO - ::endgroup::
[2024-06-24T11:54:18.070+0700] {http.py:169} INFO - Calling HTTP method
[2024-06-24T11:54:18.082+0700] {base.py:84} INFO - Using connection ID 'user_api' for task execution.
[2024-06-24T11:54:18.096+0700] {base.py:84} INFO - Using connection ID 'user_api' for task execution.
[2024-06-24T11:54:18.632+0700] {http.py:208} INFO - {"results":[{"gender":"female","name":{"title":"Mrs","first":"Serina","last":"Bach"},"location":{"street":{"number":1615,"name":"Jorines vei"},"city":"Ekne","state":"Aust-Agder","country":"Norway","postcode":"9161","coordinates":{"latitude":"46.8763","longitude":"9.5050"},"timezone":{"offset":"+4:00","description":"Abu Dhabi, Muscat, Baku, Tbilisi"}},"email":"serina.bach@example.com","login":{"uuid":"d0792621-5671-4ebc-9791-b1ab3c6ab609","username":"beautifulpanda162","password":"magnolia","salt":"zBf7RWwE","md5":"234800f8b05f06e19e7fa49095cb744d","sha1":"1ffd2030530437502c1d714e412efef692a4f12b","sha256":"8112e440573625299db7e8616aa5c7656c5ac756dbb764239fc963e618eeccf9"},"dob":{"date":"1980-06-10T00:54:18.716Z","age":44},"registered":{"date":"2016-06-09T11:31:29.091Z","age":8},"phone":"74663053","cell":"91174711","id":{"name":"FN","value":"10068000632"},"picture":{"large":"https://randomuser.me/api/portraits/women/23.jpg","medium":"https://randomuser.me/api/portraits/med/women/23.jpg","thumbnail":"https://randomuser.me/api/portraits/thumb/women/23.jpg"},"nat":"NO"}],"info":{"seed":"7b8bb3c0762f66a7","results":1,"page":1,"version":"1.4"}}
[2024-06-24T11:54:18.634+0700] {taskinstance.py:441} INFO - ::group::Post task execution logs
[2024-06-24T11:54:18.662+0700] {taskinstance.py:1206} INFO - Marking task as SUCCESS. dag_id=user_processing, task_id=extract_user, run_id=manual__2024-06-24T04:54:15.608589+00:00, execution_date=20240624T045415, start_date=20240624T045417, end_date=20240624T045418
[2024-06-24T11:54:18.696+0700] {local_task_job_runner.py:240} INFO - Task exited with return code 0
[2024-06-24T11:54:18.713+0700] {logging_mixin.py:188} WARNING - /home/daniel/***/venv/lib/python3.10/site-packages/***/models/baseoperator.py:1297 AirflowProviderDeprecationWarning: Call to deprecated class SimpleHttpOperator. (Class `SimpleHttpOperator` is deprecated and will be removed in a future release. Please use `HttpOperator` instead.)
[2024-06-24T11:54:18.722+0700] {taskinstance.py:3503} INFO - 1 downstream tasks scheduled from follow-on schedule check
[2024-06-24T11:54:18.723+0700] {local_task_job_runner.py:222} INFO - ::endgroup::
