[2024-06-24T13:57:04.401+0700] {local_task_job_runner.py:120} INFO - ::group::Pre task execution logs
[2024-06-24T13:57:04.424+0700] {taskinstance.py:2076} INFO - Dependencies all met for dep_context=non-requeueable deps ti=<TaskInstance: user_processing.extract_user manual__2024-06-24T06:54:04.366794+00:00 [queued]>
[2024-06-24T13:57:04.432+0700] {taskinstance.py:2076} INFO - Dependencies all met for dep_context=requeueable deps ti=<TaskInstance: user_processing.extract_user manual__2024-06-24T06:54:04.366794+00:00 [queued]>
[2024-06-24T13:57:04.433+0700] {taskinstance.py:2306} INFO - Starting attempt 1 of 1
[2024-06-24T13:57:04.444+0700] {taskinstance.py:2330} INFO - Executing <Task(SimpleHttpOperator): extract_user> on 2024-06-24 06:54:04.366794+00:00
[2024-06-24T13:57:04.450+0700] {standard_task_runner.py:63} INFO - Started process 63155 to run task
[2024-06-24T13:57:04.454+0700] {standard_task_runner.py:90} INFO - Running: ['***', 'tasks', 'run', 'user_processing', 'extract_user', 'manual__2024-06-24T06:54:04.366794+00:00', '--job-id', '38', '--raw', '--subdir', 'DAGS_FOLDER/user_processing.py', '--cfg-path', '/tmp/tmpve_dhoed']
[2024-06-24T13:57:04.456+0700] {standard_task_runner.py:91} INFO - Job 38: Subtask extract_user
[2024-06-24T13:57:04.519+0700] {task_command.py:426} INFO - Running <TaskInstance: user_processing.extract_user manual__2024-06-24T06:54:04.366794+00:00 [running]> on host daniel
[2024-06-24T13:57:04.617+0700] {taskinstance.py:2648} INFO - Exporting env vars: AIRFLOW_CTX_DAG_OWNER='***' AIRFLOW_CTX_DAG_ID='user_processing' AIRFLOW_CTX_TASK_ID='extract_user' AIRFLOW_CTX_EXECUTION_DATE='2024-06-24T06:54:04.366794+00:00' AIRFLOW_CTX_TRY_NUMBER='1' AIRFLOW_CTX_DAG_RUN_ID='manual__2024-06-24T06:54:04.366794+00:00'
[2024-06-24T13:57:04.618+0700] {taskinstance.py:430} INFO - ::endgroup::
[2024-06-24T13:57:04.618+0700] {http.py:169} INFO - Calling HTTP method
[2024-06-24T13:57:04.630+0700] {base.py:84} INFO - Using connection ID 'user_api' for task execution.
[2024-06-24T13:57:04.642+0700] {base.py:84} INFO - Using connection ID 'user_api' for task execution.
[2024-06-24T13:57:05.092+0700] {http.py:208} INFO - {"results":[{"gender":"male","name":{"title":"Mr","first":"Karl-Heinrich","last":"Kunzmann"},"location":{"street":{"number":1867,"name":"Lindenstraße"},"city":"Altenburger Land","state":"Thüringen","country":"Germany","postcode":26439,"coordinates":{"latitude":"-54.9866","longitude":"-125.7245"},"timezone":{"offset":"-6:00","description":"Central Time (US & Canada), Mexico City"}},"email":"karl-heinrich.kunzmann@example.com","login":{"uuid":"973290f2-daac-4800-b13a-fc35597ec6c3","username":"blueostrich982","password":"armani","salt":"1QNWHac0","md5":"cfc0ab317e01b2d0cdd67ffadafa452d","sha1":"8474aaa0ebc30fa2172ea459ba50f69d2862224d","sha256":"67d747e40c2eac0d0832bb9964ac1963e22a262aa123c21d6e0487f918923d75"},"dob":{"date":"1989-02-18T01:39:02.479Z","age":35},"registered":{"date":"2006-07-23T03:33:13.812Z","age":17},"phone":"0364-8737218","cell":"0171-7642352","id":{"name":"SVNR","value":"71 170289 K 355"},"picture":{"large":"https://randomuser.me/api/portraits/men/35.jpg","medium":"https://randomuser.me/api/portraits/med/men/35.jpg","thumbnail":"https://randomuser.me/api/portraits/thumb/men/35.jpg"},"nat":"DE"}],"info":{"seed":"686e79b404c32dcf","results":1,"page":1,"version":"1.4"}}
[2024-06-24T13:57:05.094+0700] {taskinstance.py:441} INFO - ::group::Post task execution logs
[2024-06-24T13:57:05.124+0700] {taskinstance.py:1206} INFO - Marking task as SUCCESS. dag_id=user_processing, task_id=extract_user, run_id=manual__2024-06-24T06:54:04.366794+00:00, execution_date=20240624T065404, start_date=20240624T065704, end_date=20240624T065705
[2024-06-24T13:57:05.157+0700] {local_task_job_runner.py:240} INFO - Task exited with return code 0
[2024-06-24T13:57:05.177+0700] {logging_mixin.py:188} WARNING - /home/daniel/***/venv/lib/python3.10/site-packages/***/models/baseoperator.py:1297 AirflowProviderDeprecationWarning: Call to deprecated class SimpleHttpOperator. (Class `SimpleHttpOperator` is deprecated and will be removed in a future release. Please use `HttpOperator` instead.)
[2024-06-24T13:57:05.188+0700] {taskinstance.py:3503} INFO - 1 downstream tasks scheduled from follow-on schedule check
[2024-06-24T13:57:05.190+0700] {local_task_job_runner.py:222} INFO - ::endgroup::
