[2024-06-24T13:57:00.491+0700] {local_task_job_runner.py:120} INFO - ::group::Pre task execution logs
[2024-06-24T13:57:00.518+0700] {taskinstance.py:2076} INFO - Dependencies all met for dep_context=non-requeueable deps ti=<TaskInstance: user_processing.extract_user manual__2024-06-24T06:53:05.299336+00:00 [queued]>
[2024-06-24T13:57:00.530+0700] {taskinstance.py:2076} INFO - Dependencies all met for dep_context=requeueable deps ti=<TaskInstance: user_processing.extract_user manual__2024-06-24T06:53:05.299336+00:00 [queued]>
[2024-06-24T13:57:00.531+0700] {taskinstance.py:2306} INFO - Starting attempt 1 of 1
[2024-06-24T13:57:00.549+0700] {taskinstance.py:2330} INFO - Executing <Task(SimpleHttpOperator): extract_user> on 2024-06-24 06:53:05.299336+00:00
[2024-06-24T13:57:00.561+0700] {standard_task_runner.py:63} INFO - Started process 63102 to run task
[2024-06-24T13:57:00.566+0700] {standard_task_runner.py:90} INFO - Running: ['***', 'tasks', 'run', 'user_processing', 'extract_user', 'manual__2024-06-24T06:53:05.299336+00:00', '--job-id', '37', '--raw', '--subdir', 'DAGS_FOLDER/user_processing.py', '--cfg-path', '/tmp/tmp2zf2laun']
[2024-06-24T13:57:00.567+0700] {standard_task_runner.py:91} INFO - Job 37: Subtask extract_user
[2024-06-24T13:57:00.657+0700] {task_command.py:426} INFO - Running <TaskInstance: user_processing.extract_user manual__2024-06-24T06:53:05.299336+00:00 [running]> on host daniel
[2024-06-24T13:57:00.760+0700] {taskinstance.py:2648} INFO - Exporting env vars: AIRFLOW_CTX_DAG_OWNER='***' AIRFLOW_CTX_DAG_ID='user_processing' AIRFLOW_CTX_TASK_ID='extract_user' AIRFLOW_CTX_EXECUTION_DATE='2024-06-24T06:53:05.299336+00:00' AIRFLOW_CTX_TRY_NUMBER='1' AIRFLOW_CTX_DAG_RUN_ID='manual__2024-06-24T06:53:05.299336+00:00'
[2024-06-24T13:57:00.762+0700] {taskinstance.py:430} INFO - ::endgroup::
[2024-06-24T13:57:00.763+0700] {http.py:169} INFO - Calling HTTP method
[2024-06-24T13:57:00.776+0700] {base.py:84} INFO - Using connection ID 'user_api' for task execution.
[2024-06-24T13:57:00.787+0700] {base.py:84} INFO - Using connection ID 'user_api' for task execution.
[2024-06-24T13:57:01.298+0700] {http.py:208} INFO - {"results":[{"gender":"male","name":{"title":"Mr","first":"Velibor","last":"Mančić"},"location":{"street":{"number":9651,"name":"Miodraga Avramovića "},"city":"Novi Kneževac","state":"Pirot","country":"Serbia","postcode":61324,"coordinates":{"latitude":"56.9893","longitude":"-61.5628"},"timezone":{"offset":"+4:00","description":"Abu Dhabi, Muscat, Baku, Tbilisi"}},"email":"velibor.mancic@example.com","login":{"uuid":"d69f8889-df5f-4f7a-ab8d-c0e1aed08d8b","username":"orangesnake781","password":"pimpin","salt":"Z7v07DP7","md5":"dc19adff74b88192058adda6d15cb483","sha1":"0b31f65dec0d3091316c694caf1382d04d440593","sha256":"8d4dd099efc591b521864ffd5cb8cb04f52ae6b15a0b719756fa422f66c3fc9f"},"dob":{"date":"1945-01-19T22:04:12.489Z","age":79},"registered":{"date":"2020-12-04T00:33:20.025Z","age":3},"phone":"038-8058-575","cell":"068-6706-636","id":{"name":"SID","value":"110486550"},"picture":{"large":"https://randomuser.me/api/portraits/men/11.jpg","medium":"https://randomuser.me/api/portraits/med/men/11.jpg","thumbnail":"https://randomuser.me/api/portraits/thumb/men/11.jpg"},"nat":"RS"}],"info":{"seed":"829270f5d43fd46f","results":1,"page":1,"version":"1.4"}}
[2024-06-24T13:57:01.299+0700] {taskinstance.py:441} INFO - ::group::Post task execution logs
[2024-06-24T13:57:01.329+0700] {taskinstance.py:1206} INFO - Marking task as SUCCESS. dag_id=user_processing, task_id=extract_user, run_id=manual__2024-06-24T06:53:05.299336+00:00, execution_date=20240624T065305, start_date=20240624T065700, end_date=20240624T065701
[2024-06-24T13:57:01.350+0700] {local_task_job_runner.py:240} INFO - Task exited with return code 0
[2024-06-24T13:57:01.369+0700] {logging_mixin.py:188} WARNING - /home/daniel/***/venv/lib/python3.10/site-packages/***/models/baseoperator.py:1297 AirflowProviderDeprecationWarning: Call to deprecated class SimpleHttpOperator. (Class `SimpleHttpOperator` is deprecated and will be removed in a future release. Please use `HttpOperator` instead.)
[2024-06-24T13:57:01.382+0700] {taskinstance.py:3503} INFO - 1 downstream tasks scheduled from follow-on schedule check
[2024-06-24T13:57:01.384+0700] {local_task_job_runner.py:222} INFO - ::endgroup::
