[2024-06-24T13:57:08.032+0700] {local_task_job_runner.py:120} INFO - ::group::Pre task execution logs
[2024-06-24T13:57:08.054+0700] {taskinstance.py:2076} INFO - Dependencies all met for dep_context=non-requeueable deps ti=<TaskInstance: user_processing.extract_user manual__2024-06-24T06:55:25.336314+00:00 [queued]>
[2024-06-24T13:57:08.063+0700] {taskinstance.py:2076} INFO - Dependencies all met for dep_context=requeueable deps ti=<TaskInstance: user_processing.extract_user manual__2024-06-24T06:55:25.336314+00:00 [queued]>
[2024-06-24T13:57:08.064+0700] {taskinstance.py:2306} INFO - Starting attempt 1 of 1
[2024-06-24T13:57:08.075+0700] {taskinstance.py:2330} INFO - Executing <Task(SimpleHttpOperator): extract_user> on 2024-06-24 06:55:25.336314+00:00
[2024-06-24T13:57:08.081+0700] {standard_task_runner.py:63} INFO - Started process 63206 to run task
[2024-06-24T13:57:08.084+0700] {standard_task_runner.py:90} INFO - Running: ['***', 'tasks', 'run', 'user_processing', 'extract_user', 'manual__2024-06-24T06:55:25.336314+00:00', '--job-id', '39', '--raw', '--subdir', 'DAGS_FOLDER/user_processing.py', '--cfg-path', '/tmp/tmpb9yqhwvl']
[2024-06-24T13:57:08.085+0700] {standard_task_runner.py:91} INFO - Job 39: Subtask extract_user
[2024-06-24T13:57:08.147+0700] {task_command.py:426} INFO - Running <TaskInstance: user_processing.extract_user manual__2024-06-24T06:55:25.336314+00:00 [running]> on host daniel
[2024-06-24T13:57:08.246+0700] {taskinstance.py:2648} INFO - Exporting env vars: AIRFLOW_CTX_DAG_OWNER='***' AIRFLOW_CTX_DAG_ID='user_processing' AIRFLOW_CTX_TASK_ID='extract_user' AIRFLOW_CTX_EXECUTION_DATE='2024-06-24T06:55:25.336314+00:00' AIRFLOW_CTX_TRY_NUMBER='1' AIRFLOW_CTX_DAG_RUN_ID='manual__2024-06-24T06:55:25.336314+00:00'
[2024-06-24T13:57:08.247+0700] {taskinstance.py:430} INFO - ::endgroup::
[2024-06-24T13:57:08.248+0700] {http.py:169} INFO - Calling HTTP method
[2024-06-24T13:57:08.262+0700] {base.py:84} INFO - Using connection ID 'user_api' for task execution.
[2024-06-24T13:57:08.276+0700] {base.py:84} INFO - Using connection ID 'user_api' for task execution.
[2024-06-24T13:57:09.110+0700] {http.py:208} INFO - {"results":[{"gender":"male","name":{"title":"Mr","first":"سینا","last":"محمدخان"},"location":{"street":{"number":1215,"name":"میدان سلماس"},"city":"دزفول","state":"زنجان","country":"Iran","postcode":87551,"coordinates":{"latitude":"14.9309","longitude":"-164.1231"},"timezone":{"offset":"+3:00","description":"Baghdad, Riyadh, Moscow, St. Petersburg"}},"email":"syn.mhmdkhn@example.com","login":{"uuid":"8981b66d-c15e-4602-95ad-2ed17a62b0cd","username":"purplesnake250","password":"elcamino","salt":"Xgu4Aah2","md5":"ec86903f42e4c41d5d5e8907d16d59ec","sha1":"5328fc995421f19e95e9f3d5ec85c8bb4db02a10","sha256":"837588afb0deb6edeee5fc2b0afc27a7b0bb6a57d025ccef4a074aa4f5c60a8a"},"dob":{"date":"1996-11-23T22:03:54.253Z","age":27},"registered":{"date":"2019-03-23T07:41:19.797Z","age":5},"phone":"046-31607821","cell":"0911-028-4439","id":{"name":"","value":null},"picture":{"large":"https://randomuser.me/api/portraits/men/12.jpg","medium":"https://randomuser.me/api/portraits/med/men/12.jpg","thumbnail":"https://randomuser.me/api/portraits/thumb/men/12.jpg"},"nat":"IR"}],"info":{"seed":"94252d7db30a7dde","results":1,"page":1,"version":"1.4"}}
[2024-06-24T13:57:09.111+0700] {taskinstance.py:441} INFO - ::group::Post task execution logs
[2024-06-24T13:57:09.145+0700] {taskinstance.py:1206} INFO - Marking task as SUCCESS. dag_id=user_processing, task_id=extract_user, run_id=manual__2024-06-24T06:55:25.336314+00:00, execution_date=20240624T065525, start_date=20240624T065708, end_date=20240624T065709
[2024-06-24T13:57:09.191+0700] {local_task_job_runner.py:240} INFO - Task exited with return code 0
[2024-06-24T13:57:09.213+0700] {logging_mixin.py:188} WARNING - /home/daniel/***/venv/lib/python3.10/site-packages/***/models/baseoperator.py:1297 AirflowProviderDeprecationWarning: Call to deprecated class SimpleHttpOperator. (Class `SimpleHttpOperator` is deprecated and will be removed in a future release. Please use `HttpOperator` instead.)
[2024-06-24T13:57:09.228+0700] {taskinstance.py:3503} INFO - 1 downstream tasks scheduled from follow-on schedule check
[2024-06-24T13:57:09.229+0700] {local_task_job_runner.py:222} INFO - ::endgroup::
