[2024-06-29T22:14:12.699+0700] {processor.py:161} INFO - Started process (PID=3742) to work on /home/daniel/airflow/dags/groups/group_transform.py
[2024-06-29T22:14:12.699+0700] {processor.py:830} INFO - Processing file /home/daniel/airflow/dags/groups/group_transform.py for tasks to queue
[2024-06-29T22:14:12.701+0700] {logging_mixin.py:188} INFO - [2024-06-29T22:14:12.701+0700] {dagbag.py:545} INFO - Filling up the DagBag from /home/daniel/airflow/dags/groups/group_transform.py
[2024-06-29T22:14:12.703+0700] {processor.py:842} WARNING - No viable dags retrieved from /home/daniel/airflow/dags/groups/group_transform.py
[2024-06-29T22:14:12.722+0700] {processor.py:183} INFO - Processing /home/daniel/airflow/dags/groups/group_transform.py took 0.029 seconds
[2024-06-29T22:14:43.569+0700] {processor.py:161} INFO - Started process (PID=3893) to work on /home/daniel/airflow/dags/groups/group_transform.py
[2024-06-29T22:14:43.571+0700] {processor.py:830} INFO - Processing file /home/daniel/airflow/dags/groups/group_transform.py for tasks to queue
[2024-06-29T22:14:43.574+0700] {logging_mixin.py:188} INFO - [2024-06-29T22:14:43.574+0700] {dagbag.py:545} INFO - Filling up the DagBag from /home/daniel/airflow/dags/groups/group_transform.py
[2024-06-29T22:14:43.577+0700] {processor.py:842} WARNING - No viable dags retrieved from /home/daniel/airflow/dags/groups/group_transform.py
[2024-06-29T22:14:43.611+0700] {processor.py:183} INFO - Processing /home/daniel/airflow/dags/groups/group_transform.py took 0.051 seconds
[2024-06-29T22:15:13.664+0700] {processor.py:161} INFO - Started process (PID=4037) to work on /home/daniel/airflow/dags/groups/group_transform.py
[2024-06-29T22:15:13.665+0700] {processor.py:830} INFO - Processing file /home/daniel/airflow/dags/groups/group_transform.py for tasks to queue
[2024-06-29T22:15:13.667+0700] {logging_mixin.py:188} INFO - [2024-06-29T22:15:13.667+0700] {dagbag.py:545} INFO - Filling up the DagBag from /home/daniel/airflow/dags/groups/group_transform.py
[2024-06-29T22:15:13.669+0700] {processor.py:842} WARNING - No viable dags retrieved from /home/daniel/airflow/dags/groups/group_transform.py
[2024-06-29T22:15:13.688+0700] {processor.py:183} INFO - Processing /home/daniel/airflow/dags/groups/group_transform.py took 0.030 seconds
[2024-06-29T22:15:44.110+0700] {processor.py:161} INFO - Started process (PID=4205) to work on /home/daniel/airflow/dags/groups/group_transform.py
[2024-06-29T22:15:44.112+0700] {processor.py:830} INFO - Processing file /home/daniel/airflow/dags/groups/group_transform.py for tasks to queue
[2024-06-29T22:15:44.113+0700] {logging_mixin.py:188} INFO - [2024-06-29T22:15:44.113+0700] {dagbag.py:545} INFO - Filling up the DagBag from /home/daniel/airflow/dags/groups/group_transform.py
[2024-06-29T22:15:44.115+0700] {processor.py:842} WARNING - No viable dags retrieved from /home/daniel/airflow/dags/groups/group_transform.py
[2024-06-29T22:15:44.131+0700] {processor.py:183} INFO - Processing /home/daniel/airflow/dags/groups/group_transform.py took 0.027 seconds
[2024-06-29T22:16:14.927+0700] {processor.py:161} INFO - Started process (PID=4347) to work on /home/daniel/airflow/dags/groups/group_transform.py
[2024-06-29T22:16:14.928+0700] {processor.py:830} INFO - Processing file /home/daniel/airflow/dags/groups/group_transform.py for tasks to queue
[2024-06-29T22:16:14.929+0700] {logging_mixin.py:188} INFO - [2024-06-29T22:16:14.929+0700] {dagbag.py:545} INFO - Filling up the DagBag from /home/daniel/airflow/dags/groups/group_transform.py
[2024-06-29T22:16:14.930+0700] {processor.py:842} WARNING - No viable dags retrieved from /home/daniel/airflow/dags/groups/group_transform.py
[2024-06-29T22:16:14.948+0700] {processor.py:183} INFO - Processing /home/daniel/airflow/dags/groups/group_transform.py took 0.027 seconds
[2024-06-29T22:16:45.454+0700] {processor.py:161} INFO - Started process (PID=4491) to work on /home/daniel/airflow/dags/groups/group_transform.py
[2024-06-29T22:16:45.455+0700] {processor.py:830} INFO - Processing file /home/daniel/airflow/dags/groups/group_transform.py for tasks to queue
[2024-06-29T22:16:45.456+0700] {logging_mixin.py:188} INFO - [2024-06-29T22:16:45.456+0700] {dagbag.py:545} INFO - Filling up the DagBag from /home/daniel/airflow/dags/groups/group_transform.py
[2024-06-29T22:16:45.458+0700] {processor.py:842} WARNING - No viable dags retrieved from /home/daniel/airflow/dags/groups/group_transform.py
[2024-06-29T22:16:45.477+0700] {processor.py:183} INFO - Processing /home/daniel/airflow/dags/groups/group_transform.py took 0.029 seconds
[2024-06-29T22:17:15.884+0700] {processor.py:161} INFO - Started process (PID=4635) to work on /home/daniel/airflow/dags/groups/group_transform.py
[2024-06-29T22:17:15.885+0700] {processor.py:830} INFO - Processing file /home/daniel/airflow/dags/groups/group_transform.py for tasks to queue
[2024-06-29T22:17:15.886+0700] {logging_mixin.py:188} INFO - [2024-06-29T22:17:15.886+0700] {dagbag.py:545} INFO - Filling up the DagBag from /home/daniel/airflow/dags/groups/group_transform.py
[2024-06-29T22:17:15.888+0700] {processor.py:842} WARNING - No viable dags retrieved from /home/daniel/airflow/dags/groups/group_transform.py
[2024-06-29T22:17:15.904+0700] {processor.py:183} INFO - Processing /home/daniel/airflow/dags/groups/group_transform.py took 0.026 seconds
[2024-06-29T22:17:46.229+0700] {processor.py:161} INFO - Started process (PID=4778) to work on /home/daniel/airflow/dags/groups/group_transform.py
[2024-06-29T22:17:46.230+0700] {processor.py:830} INFO - Processing file /home/daniel/airflow/dags/groups/group_transform.py for tasks to queue
[2024-06-29T22:17:46.231+0700] {logging_mixin.py:188} INFO - [2024-06-29T22:17:46.231+0700] {dagbag.py:545} INFO - Filling up the DagBag from /home/daniel/airflow/dags/groups/group_transform.py
[2024-06-29T22:17:46.233+0700] {processor.py:842} WARNING - No viable dags retrieved from /home/daniel/airflow/dags/groups/group_transform.py
[2024-06-29T22:17:46.250+0700] {processor.py:183} INFO - Processing /home/daniel/airflow/dags/groups/group_transform.py took 0.027 seconds
[2024-06-29T22:18:16.814+0700] {processor.py:161} INFO - Started process (PID=4921) to work on /home/daniel/airflow/dags/groups/group_transform.py
[2024-06-29T22:18:16.815+0700] {processor.py:830} INFO - Processing file /home/daniel/airflow/dags/groups/group_transform.py for tasks to queue
[2024-06-29T22:18:16.817+0700] {logging_mixin.py:188} INFO - [2024-06-29T22:18:16.816+0700] {dagbag.py:545} INFO - Filling up the DagBag from /home/daniel/airflow/dags/groups/group_transform.py
[2024-06-29T22:18:16.819+0700] {processor.py:842} WARNING - No viable dags retrieved from /home/daniel/airflow/dags/groups/group_transform.py
[2024-06-29T22:18:16.839+0700] {processor.py:183} INFO - Processing /home/daniel/airflow/dags/groups/group_transform.py took 0.031 seconds
[2024-06-29T22:18:47.545+0700] {processor.py:161} INFO - Started process (PID=5066) to work on /home/daniel/airflow/dags/groups/group_transform.py
[2024-06-29T22:18:47.546+0700] {processor.py:830} INFO - Processing file /home/daniel/airflow/dags/groups/group_transform.py for tasks to queue
[2024-06-29T22:18:47.547+0700] {logging_mixin.py:188} INFO - [2024-06-29T22:18:47.547+0700] {dagbag.py:545} INFO - Filling up the DagBag from /home/daniel/airflow/dags/groups/group_transform.py
[2024-06-29T22:18:47.549+0700] {processor.py:842} WARNING - No viable dags retrieved from /home/daniel/airflow/dags/groups/group_transform.py
[2024-06-29T22:18:47.566+0700] {processor.py:183} INFO - Processing /home/daniel/airflow/dags/groups/group_transform.py took 0.027 seconds
[2024-06-29T22:19:17.828+0700] {processor.py:161} INFO - Started process (PID=5207) to work on /home/daniel/airflow/dags/groups/group_transform.py
[2024-06-29T22:19:17.829+0700] {processor.py:830} INFO - Processing file /home/daniel/airflow/dags/groups/group_transform.py for tasks to queue
[2024-06-29T22:19:17.830+0700] {logging_mixin.py:188} INFO - [2024-06-29T22:19:17.830+0700] {dagbag.py:545} INFO - Filling up the DagBag from /home/daniel/airflow/dags/groups/group_transform.py
[2024-06-29T22:19:17.832+0700] {processor.py:842} WARNING - No viable dags retrieved from /home/daniel/airflow/dags/groups/group_transform.py
[2024-06-29T22:19:17.848+0700] {processor.py:183} INFO - Processing /home/daniel/airflow/dags/groups/group_transform.py took 0.025 seconds
[2024-06-29T22:19:48.030+0700] {processor.py:161} INFO - Started process (PID=5369) to work on /home/daniel/airflow/dags/groups/group_transform.py
[2024-06-29T22:19:48.031+0700] {processor.py:830} INFO - Processing file /home/daniel/airflow/dags/groups/group_transform.py for tasks to queue
[2024-06-29T22:19:48.033+0700] {logging_mixin.py:188} INFO - [2024-06-29T22:19:48.033+0700] {dagbag.py:545} INFO - Filling up the DagBag from /home/daniel/airflow/dags/groups/group_transform.py
[2024-06-29T22:19:48.035+0700] {processor.py:842} WARNING - No viable dags retrieved from /home/daniel/airflow/dags/groups/group_transform.py
[2024-06-29T22:19:48.053+0700] {processor.py:183} INFO - Processing /home/daniel/airflow/dags/groups/group_transform.py took 0.028 seconds
[2024-06-29T22:20:18.879+0700] {processor.py:161} INFO - Started process (PID=5524) to work on /home/daniel/airflow/dags/groups/group_transform.py
[2024-06-29T22:20:18.880+0700] {processor.py:830} INFO - Processing file /home/daniel/airflow/dags/groups/group_transform.py for tasks to queue
[2024-06-29T22:20:18.881+0700] {logging_mixin.py:188} INFO - [2024-06-29T22:20:18.881+0700] {dagbag.py:545} INFO - Filling up the DagBag from /home/daniel/airflow/dags/groups/group_transform.py
[2024-06-29T22:20:18.883+0700] {processor.py:842} WARNING - No viable dags retrieved from /home/daniel/airflow/dags/groups/group_transform.py
[2024-06-29T22:20:18.905+0700] {processor.py:183} INFO - Processing /home/daniel/airflow/dags/groups/group_transform.py took 0.033 seconds
[2024-06-29T22:20:49.936+0700] {processor.py:161} INFO - Started process (PID=5685) to work on /home/daniel/airflow/dags/groups/group_transform.py
[2024-06-29T22:20:49.937+0700] {processor.py:830} INFO - Processing file /home/daniel/airflow/dags/groups/group_transform.py for tasks to queue
[2024-06-29T22:20:49.938+0700] {logging_mixin.py:188} INFO - [2024-06-29T22:20:49.938+0700] {dagbag.py:545} INFO - Filling up the DagBag from /home/daniel/airflow/dags/groups/group_transform.py
[2024-06-29T22:20:49.939+0700] {processor.py:842} WARNING - No viable dags retrieved from /home/daniel/airflow/dags/groups/group_transform.py
[2024-06-29T22:20:49.958+0700] {processor.py:183} INFO - Processing /home/daniel/airflow/dags/groups/group_transform.py took 0.029 seconds
[2024-06-29T22:21:20.662+0700] {processor.py:161} INFO - Started process (PID=5941) to work on /home/daniel/airflow/dags/groups/group_transform.py
[2024-06-29T22:21:20.663+0700] {processor.py:830} INFO - Processing file /home/daniel/airflow/dags/groups/group_transform.py for tasks to queue
[2024-06-29T22:21:20.664+0700] {logging_mixin.py:188} INFO - [2024-06-29T22:21:20.664+0700] {dagbag.py:545} INFO - Filling up the DagBag from /home/daniel/airflow/dags/groups/group_transform.py
[2024-06-29T22:21:20.665+0700] {processor.py:842} WARNING - No viable dags retrieved from /home/daniel/airflow/dags/groups/group_transform.py
[2024-06-29T22:21:20.682+0700] {processor.py:183} INFO - Processing /home/daniel/airflow/dags/groups/group_transform.py took 0.027 seconds
[2024-06-29T22:21:51.564+0700] {processor.py:161} INFO - Started process (PID=6126) to work on /home/daniel/airflow/dags/groups/group_transform.py
[2024-06-29T22:21:51.565+0700] {processor.py:830} INFO - Processing file /home/daniel/airflow/dags/groups/group_transform.py for tasks to queue
[2024-06-29T22:21:51.566+0700] {logging_mixin.py:188} INFO - [2024-06-29T22:21:51.566+0700] {dagbag.py:545} INFO - Filling up the DagBag from /home/daniel/airflow/dags/groups/group_transform.py
[2024-06-29T22:21:51.567+0700] {processor.py:842} WARNING - No viable dags retrieved from /home/daniel/airflow/dags/groups/group_transform.py
[2024-06-29T22:21:51.585+0700] {processor.py:183} INFO - Processing /home/daniel/airflow/dags/groups/group_transform.py took 0.028 seconds
[2024-06-29T22:22:22.364+0700] {processor.py:161} INFO - Started process (PID=6309) to work on /home/daniel/airflow/dags/groups/group_transform.py
[2024-06-29T22:22:22.365+0700] {processor.py:830} INFO - Processing file /home/daniel/airflow/dags/groups/group_transform.py for tasks to queue
[2024-06-29T22:22:22.366+0700] {logging_mixin.py:188} INFO - [2024-06-29T22:22:22.366+0700] {dagbag.py:545} INFO - Filling up the DagBag from /home/daniel/airflow/dags/groups/group_transform.py
[2024-06-29T22:22:22.368+0700] {processor.py:842} WARNING - No viable dags retrieved from /home/daniel/airflow/dags/groups/group_transform.py
[2024-06-29T22:22:22.386+0700] {processor.py:183} INFO - Processing /home/daniel/airflow/dags/groups/group_transform.py took 0.029 seconds
[2024-06-29T22:22:53.026+0700] {processor.py:161} INFO - Started process (PID=6457) to work on /home/daniel/airflow/dags/groups/group_transform.py
[2024-06-29T22:22:53.027+0700] {processor.py:830} INFO - Processing file /home/daniel/airflow/dags/groups/group_transform.py for tasks to queue
[2024-06-29T22:22:53.028+0700] {logging_mixin.py:188} INFO - [2024-06-29T22:22:53.028+0700] {dagbag.py:545} INFO - Filling up the DagBag from /home/daniel/airflow/dags/groups/group_transform.py
[2024-06-29T22:22:53.030+0700] {processor.py:842} WARNING - No viable dags retrieved from /home/daniel/airflow/dags/groups/group_transform.py
[2024-06-29T22:22:53.047+0700] {processor.py:183} INFO - Processing /home/daniel/airflow/dags/groups/group_transform.py took 0.027 seconds
[2024-06-29T22:23:23.461+0700] {processor.py:161} INFO - Started process (PID=6602) to work on /home/daniel/airflow/dags/groups/group_transform.py
[2024-06-29T22:23:23.461+0700] {processor.py:830} INFO - Processing file /home/daniel/airflow/dags/groups/group_transform.py for tasks to queue
[2024-06-29T22:23:23.463+0700] {logging_mixin.py:188} INFO - [2024-06-29T22:23:23.462+0700] {dagbag.py:545} INFO - Filling up the DagBag from /home/daniel/airflow/dags/groups/group_transform.py
[2024-06-29T22:23:23.464+0700] {processor.py:842} WARNING - No viable dags retrieved from /home/daniel/airflow/dags/groups/group_transform.py
[2024-06-29T22:23:23.481+0700] {processor.py:183} INFO - Processing /home/daniel/airflow/dags/groups/group_transform.py took 0.026 seconds
[2024-06-29T22:23:54.182+0700] {processor.py:161} INFO - Started process (PID=6754) to work on /home/daniel/airflow/dags/groups/group_transform.py
[2024-06-29T22:23:54.183+0700] {processor.py:830} INFO - Processing file /home/daniel/airflow/dags/groups/group_transform.py for tasks to queue
[2024-06-29T22:23:54.184+0700] {logging_mixin.py:188} INFO - [2024-06-29T22:23:54.184+0700] {dagbag.py:545} INFO - Filling up the DagBag from /home/daniel/airflow/dags/groups/group_transform.py
[2024-06-29T22:23:54.186+0700] {processor.py:842} WARNING - No viable dags retrieved from /home/daniel/airflow/dags/groups/group_transform.py
[2024-06-29T22:23:54.203+0700] {processor.py:183} INFO - Processing /home/daniel/airflow/dags/groups/group_transform.py took 0.028 seconds
[2024-06-29T22:24:25.176+0700] {processor.py:161} INFO - Started process (PID=7051) to work on /home/daniel/airflow/dags/groups/group_transform.py
[2024-06-29T22:24:25.177+0700] {processor.py:830} INFO - Processing file /home/daniel/airflow/dags/groups/group_transform.py for tasks to queue
[2024-06-29T22:24:25.178+0700] {logging_mixin.py:188} INFO - [2024-06-29T22:24:25.178+0700] {dagbag.py:545} INFO - Filling up the DagBag from /home/daniel/airflow/dags/groups/group_transform.py
[2024-06-29T22:24:25.180+0700] {processor.py:842} WARNING - No viable dags retrieved from /home/daniel/airflow/dags/groups/group_transform.py
[2024-06-29T22:24:25.197+0700] {processor.py:183} INFO - Processing /home/daniel/airflow/dags/groups/group_transform.py took 0.026 seconds
[2024-06-29T22:24:55.481+0700] {processor.py:161} INFO - Started process (PID=7218) to work on /home/daniel/airflow/dags/groups/group_transform.py
[2024-06-29T22:24:55.483+0700] {processor.py:830} INFO - Processing file /home/daniel/airflow/dags/groups/group_transform.py for tasks to queue
[2024-06-29T22:24:55.484+0700] {logging_mixin.py:188} INFO - [2024-06-29T22:24:55.484+0700] {dagbag.py:545} INFO - Filling up the DagBag from /home/daniel/airflow/dags/groups/group_transform.py
[2024-06-29T22:24:55.486+0700] {processor.py:842} WARNING - No viable dags retrieved from /home/daniel/airflow/dags/groups/group_transform.py
[2024-06-29T22:24:55.502+0700] {processor.py:183} INFO - Processing /home/daniel/airflow/dags/groups/group_transform.py took 0.028 seconds
[2024-06-29T22:25:26.197+0700] {processor.py:161} INFO - Started process (PID=7368) to work on /home/daniel/airflow/dags/groups/group_transform.py
[2024-06-29T22:25:26.199+0700] {processor.py:830} INFO - Processing file /home/daniel/airflow/dags/groups/group_transform.py for tasks to queue
[2024-06-29T22:25:26.201+0700] {logging_mixin.py:188} INFO - [2024-06-29T22:25:26.200+0700] {dagbag.py:545} INFO - Filling up the DagBag from /home/daniel/airflow/dags/groups/group_transform.py
[2024-06-29T22:25:26.203+0700] {processor.py:842} WARNING - No viable dags retrieved from /home/daniel/airflow/dags/groups/group_transform.py
[2024-06-29T22:25:26.222+0700] {processor.py:183} INFO - Processing /home/daniel/airflow/dags/groups/group_transform.py took 0.032 seconds
[2024-06-29T22:25:57.173+0700] {processor.py:161} INFO - Started process (PID=7538) to work on /home/daniel/airflow/dags/groups/group_transform.py
[2024-06-29T22:25:57.174+0700] {processor.py:830} INFO - Processing file /home/daniel/airflow/dags/groups/group_transform.py for tasks to queue
[2024-06-29T22:25:57.175+0700] {logging_mixin.py:188} INFO - [2024-06-29T22:25:57.175+0700] {dagbag.py:545} INFO - Filling up the DagBag from /home/daniel/airflow/dags/groups/group_transform.py
[2024-06-29T22:25:57.177+0700] {processor.py:842} WARNING - No viable dags retrieved from /home/daniel/airflow/dags/groups/group_transform.py
[2024-06-29T22:25:57.193+0700] {processor.py:183} INFO - Processing /home/daniel/airflow/dags/groups/group_transform.py took 0.025 seconds
[2024-06-29T22:26:27.928+0700] {processor.py:161} INFO - Started process (PID=7730) to work on /home/daniel/airflow/dags/groups/group_transform.py
[2024-06-29T22:26:27.929+0700] {processor.py:830} INFO - Processing file /home/daniel/airflow/dags/groups/group_transform.py for tasks to queue
[2024-06-29T22:26:27.930+0700] {logging_mixin.py:188} INFO - [2024-06-29T22:26:27.929+0700] {dagbag.py:545} INFO - Filling up the DagBag from /home/daniel/airflow/dags/groups/group_transform.py
[2024-06-29T22:26:27.931+0700] {processor.py:842} WARNING - No viable dags retrieved from /home/daniel/airflow/dags/groups/group_transform.py
[2024-06-29T22:26:27.947+0700] {processor.py:183} INFO - Processing /home/daniel/airflow/dags/groups/group_transform.py took 0.025 seconds
[2024-06-29T22:26:58.416+0700] {processor.py:161} INFO - Started process (PID=7872) to work on /home/daniel/airflow/dags/groups/group_transform.py
[2024-06-29T22:26:58.417+0700] {processor.py:830} INFO - Processing file /home/daniel/airflow/dags/groups/group_transform.py for tasks to queue
[2024-06-29T22:26:58.419+0700] {logging_mixin.py:188} INFO - [2024-06-29T22:26:58.418+0700] {dagbag.py:545} INFO - Filling up the DagBag from /home/daniel/airflow/dags/groups/group_transform.py
[2024-06-29T22:26:58.420+0700] {processor.py:842} WARNING - No viable dags retrieved from /home/daniel/airflow/dags/groups/group_transform.py
[2024-06-29T22:26:58.438+0700] {processor.py:183} INFO - Processing /home/daniel/airflow/dags/groups/group_transform.py took 0.029 seconds
[2024-06-29T22:27:29.013+0700] {processor.py:161} INFO - Started process (PID=8015) to work on /home/daniel/airflow/dags/groups/group_transform.py
[2024-06-29T22:27:29.014+0700] {processor.py:830} INFO - Processing file /home/daniel/airflow/dags/groups/group_transform.py for tasks to queue
[2024-06-29T22:27:29.015+0700] {logging_mixin.py:188} INFO - [2024-06-29T22:27:29.014+0700] {dagbag.py:545} INFO - Filling up the DagBag from /home/daniel/airflow/dags/groups/group_transform.py
[2024-06-29T22:27:29.016+0700] {processor.py:842} WARNING - No viable dags retrieved from /home/daniel/airflow/dags/groups/group_transform.py
[2024-06-29T22:27:29.033+0700] {processor.py:183} INFO - Processing /home/daniel/airflow/dags/groups/group_transform.py took 0.026 seconds
[2024-06-29T22:27:59.548+0700] {processor.py:161} INFO - Started process (PID=8156) to work on /home/daniel/airflow/dags/groups/group_transform.py
[2024-06-29T22:27:59.549+0700] {processor.py:830} INFO - Processing file /home/daniel/airflow/dags/groups/group_transform.py for tasks to queue
[2024-06-29T22:27:59.550+0700] {logging_mixin.py:188} INFO - [2024-06-29T22:27:59.550+0700] {dagbag.py:545} INFO - Filling up the DagBag from /home/daniel/airflow/dags/groups/group_transform.py
[2024-06-29T22:27:59.551+0700] {processor.py:842} WARNING - No viable dags retrieved from /home/daniel/airflow/dags/groups/group_transform.py
[2024-06-29T22:27:59.569+0700] {processor.py:183} INFO - Processing /home/daniel/airflow/dags/groups/group_transform.py took 0.027 seconds
[2024-06-29T22:28:30.123+0700] {processor.py:161} INFO - Started process (PID=8300) to work on /home/daniel/airflow/dags/groups/group_transform.py
[2024-06-29T22:28:30.124+0700] {processor.py:830} INFO - Processing file /home/daniel/airflow/dags/groups/group_transform.py for tasks to queue
[2024-06-29T22:28:30.126+0700] {logging_mixin.py:188} INFO - [2024-06-29T22:28:30.125+0700] {dagbag.py:545} INFO - Filling up the DagBag from /home/daniel/airflow/dags/groups/group_transform.py
[2024-06-29T22:28:30.127+0700] {processor.py:842} WARNING - No viable dags retrieved from /home/daniel/airflow/dags/groups/group_transform.py
[2024-06-29T22:28:30.144+0700] {processor.py:183} INFO - Processing /home/daniel/airflow/dags/groups/group_transform.py took 0.026 seconds
[2024-06-29T22:29:00.635+0700] {processor.py:161} INFO - Started process (PID=8442) to work on /home/daniel/airflow/dags/groups/group_transform.py
[2024-06-29T22:29:00.635+0700] {processor.py:830} INFO - Processing file /home/daniel/airflow/dags/groups/group_transform.py for tasks to queue
[2024-06-29T22:29:00.637+0700] {logging_mixin.py:188} INFO - [2024-06-29T22:29:00.637+0700] {dagbag.py:545} INFO - Filling up the DagBag from /home/daniel/airflow/dags/groups/group_transform.py
[2024-06-29T22:29:00.638+0700] {processor.py:842} WARNING - No viable dags retrieved from /home/daniel/airflow/dags/groups/group_transform.py
[2024-06-29T22:29:00.657+0700] {processor.py:183} INFO - Processing /home/daniel/airflow/dags/groups/group_transform.py took 0.028 seconds
[2024-06-29T22:29:31.561+0700] {processor.py:161} INFO - Started process (PID=8586) to work on /home/daniel/airflow/dags/groups/group_transform.py
[2024-06-29T22:29:31.562+0700] {processor.py:830} INFO - Processing file /home/daniel/airflow/dags/groups/group_transform.py for tasks to queue
[2024-06-29T22:29:31.563+0700] {logging_mixin.py:188} INFO - [2024-06-29T22:29:31.563+0700] {dagbag.py:545} INFO - Filling up the DagBag from /home/daniel/airflow/dags/groups/group_transform.py
[2024-06-29T22:29:31.565+0700] {processor.py:842} WARNING - No viable dags retrieved from /home/daniel/airflow/dags/groups/group_transform.py
[2024-06-29T22:29:31.581+0700] {processor.py:183} INFO - Processing /home/daniel/airflow/dags/groups/group_transform.py took 0.026 seconds
[2024-06-29T22:30:02.076+0700] {processor.py:161} INFO - Started process (PID=8732) to work on /home/daniel/airflow/dags/groups/group_transform.py
[2024-06-29T22:30:02.077+0700] {processor.py:830} INFO - Processing file /home/daniel/airflow/dags/groups/group_transform.py for tasks to queue
[2024-06-29T22:30:02.078+0700] {logging_mixin.py:188} INFO - [2024-06-29T22:30:02.078+0700] {dagbag.py:545} INFO - Filling up the DagBag from /home/daniel/airflow/dags/groups/group_transform.py
[2024-06-29T22:30:02.080+0700] {processor.py:842} WARNING - No viable dags retrieved from /home/daniel/airflow/dags/groups/group_transform.py
[2024-06-29T22:30:02.097+0700] {processor.py:183} INFO - Processing /home/daniel/airflow/dags/groups/group_transform.py took 0.027 seconds
[2024-06-29T22:30:33.028+0700] {processor.py:161} INFO - Started process (PID=8875) to work on /home/daniel/airflow/dags/groups/group_transform.py
[2024-06-29T22:30:33.029+0700] {processor.py:830} INFO - Processing file /home/daniel/airflow/dags/groups/group_transform.py for tasks to queue
[2024-06-29T22:30:33.031+0700] {logging_mixin.py:188} INFO - [2024-06-29T22:30:33.030+0700] {dagbag.py:545} INFO - Filling up the DagBag from /home/daniel/airflow/dags/groups/group_transform.py
[2024-06-29T22:30:33.032+0700] {processor.py:842} WARNING - No viable dags retrieved from /home/daniel/airflow/dags/groups/group_transform.py
[2024-06-29T22:30:33.050+0700] {processor.py:183} INFO - Processing /home/daniel/airflow/dags/groups/group_transform.py took 0.027 seconds
[2024-06-29T22:31:03.818+0700] {processor.py:161} INFO - Started process (PID=9017) to work on /home/daniel/airflow/dags/groups/group_transform.py
[2024-06-29T22:31:03.819+0700] {processor.py:830} INFO - Processing file /home/daniel/airflow/dags/groups/group_transform.py for tasks to queue
[2024-06-29T22:31:03.821+0700] {logging_mixin.py:188} INFO - [2024-06-29T22:31:03.821+0700] {dagbag.py:545} INFO - Filling up the DagBag from /home/daniel/airflow/dags/groups/group_transform.py
[2024-06-29T22:31:03.823+0700] {processor.py:842} WARNING - No viable dags retrieved from /home/daniel/airflow/dags/groups/group_transform.py
[2024-06-29T22:31:03.839+0700] {processor.py:183} INFO - Processing /home/daniel/airflow/dags/groups/group_transform.py took 0.027 seconds
[2024-06-29T22:31:34.774+0700] {processor.py:161} INFO - Started process (PID=9195) to work on /home/daniel/airflow/dags/groups/group_transform.py
[2024-06-29T22:31:34.775+0700] {processor.py:830} INFO - Processing file /home/daniel/airflow/dags/groups/group_transform.py for tasks to queue
[2024-06-29T22:31:34.776+0700] {logging_mixin.py:188} INFO - [2024-06-29T22:31:34.776+0700] {dagbag.py:545} INFO - Filling up the DagBag from /home/daniel/airflow/dags/groups/group_transform.py
[2024-06-29T22:31:34.778+0700] {processor.py:842} WARNING - No viable dags retrieved from /home/daniel/airflow/dags/groups/group_transform.py
[2024-06-29T22:31:34.795+0700] {processor.py:183} INFO - Processing /home/daniel/airflow/dags/groups/group_transform.py took 0.026 seconds
[2024-06-29T22:32:05.364+0700] {processor.py:161} INFO - Started process (PID=9367) to work on /home/daniel/airflow/dags/groups/group_transform.py
[2024-06-29T22:32:05.365+0700] {processor.py:830} INFO - Processing file /home/daniel/airflow/dags/groups/group_transform.py for tasks to queue
[2024-06-29T22:32:05.367+0700] {logging_mixin.py:188} INFO - [2024-06-29T22:32:05.367+0700] {dagbag.py:545} INFO - Filling up the DagBag from /home/daniel/airflow/dags/groups/group_transform.py
[2024-06-29T22:32:05.369+0700] {processor.py:842} WARNING - No viable dags retrieved from /home/daniel/airflow/dags/groups/group_transform.py
[2024-06-29T22:32:05.385+0700] {processor.py:183} INFO - Processing /home/daniel/airflow/dags/groups/group_transform.py took 0.026 seconds
[2024-06-29T22:32:35.923+0700] {processor.py:161} INFO - Started process (PID=9521) to work on /home/daniel/airflow/dags/groups/group_transform.py
[2024-06-29T22:32:35.924+0700] {processor.py:830} INFO - Processing file /home/daniel/airflow/dags/groups/group_transform.py for tasks to queue
[2024-06-29T22:32:35.925+0700] {logging_mixin.py:188} INFO - [2024-06-29T22:32:35.925+0700] {dagbag.py:545} INFO - Filling up the DagBag from /home/daniel/airflow/dags/groups/group_transform.py
[2024-06-29T22:32:35.927+0700] {processor.py:842} WARNING - No viable dags retrieved from /home/daniel/airflow/dags/groups/group_transform.py
[2024-06-29T22:32:35.946+0700] {processor.py:183} INFO - Processing /home/daniel/airflow/dags/groups/group_transform.py took 0.029 seconds
[2024-06-29T22:33:06.687+0700] {processor.py:161} INFO - Started process (PID=11075) to work on /home/daniel/airflow/dags/groups/group_transform.py
[2024-06-29T22:33:06.688+0700] {processor.py:830} INFO - Processing file /home/daniel/airflow/dags/groups/group_transform.py for tasks to queue
[2024-06-29T22:33:06.689+0700] {logging_mixin.py:188} INFO - [2024-06-29T22:33:06.689+0700] {dagbag.py:545} INFO - Filling up the DagBag from /home/daniel/airflow/dags/groups/group_transform.py
[2024-06-29T22:33:06.690+0700] {processor.py:842} WARNING - No viable dags retrieved from /home/daniel/airflow/dags/groups/group_transform.py
[2024-06-29T22:33:06.708+0700] {processor.py:183} INFO - Processing /home/daniel/airflow/dags/groups/group_transform.py took 0.027 seconds
[2024-06-29T22:33:37.444+0700] {processor.py:161} INFO - Started process (PID=11232) to work on /home/daniel/airflow/dags/groups/group_transform.py
[2024-06-29T22:33:37.445+0700] {processor.py:830} INFO - Processing file /home/daniel/airflow/dags/groups/group_transform.py for tasks to queue
[2024-06-29T22:33:37.446+0700] {logging_mixin.py:188} INFO - [2024-06-29T22:33:37.446+0700] {dagbag.py:545} INFO - Filling up the DagBag from /home/daniel/airflow/dags/groups/group_transform.py
[2024-06-29T22:33:37.448+0700] {processor.py:842} WARNING - No viable dags retrieved from /home/daniel/airflow/dags/groups/group_transform.py
[2024-06-29T22:33:37.465+0700] {processor.py:183} INFO - Processing /home/daniel/airflow/dags/groups/group_transform.py took 0.028 seconds
[2024-06-29T22:34:08.019+0700] {processor.py:161} INFO - Started process (PID=11385) to work on /home/daniel/airflow/dags/groups/group_transform.py
[2024-06-29T22:34:08.020+0700] {processor.py:830} INFO - Processing file /home/daniel/airflow/dags/groups/group_transform.py for tasks to queue
[2024-06-29T22:34:08.022+0700] {logging_mixin.py:188} INFO - [2024-06-29T22:34:08.021+0700] {dagbag.py:545} INFO - Filling up the DagBag from /home/daniel/airflow/dags/groups/group_transform.py
[2024-06-29T22:34:08.024+0700] {processor.py:842} WARNING - No viable dags retrieved from /home/daniel/airflow/dags/groups/group_transform.py
[2024-06-29T22:34:08.044+0700] {processor.py:183} INFO - Processing /home/daniel/airflow/dags/groups/group_transform.py took 0.031 seconds
[2024-06-29T22:34:39.008+0700] {processor.py:161} INFO - Started process (PID=11550) to work on /home/daniel/airflow/dags/groups/group_transform.py
[2024-06-29T22:34:39.009+0700] {processor.py:830} INFO - Processing file /home/daniel/airflow/dags/groups/group_transform.py for tasks to queue
[2024-06-29T22:34:39.010+0700] {logging_mixin.py:188} INFO - [2024-06-29T22:34:39.010+0700] {dagbag.py:545} INFO - Filling up the DagBag from /home/daniel/airflow/dags/groups/group_transform.py
[2024-06-29T22:34:39.012+0700] {processor.py:842} WARNING - No viable dags retrieved from /home/daniel/airflow/dags/groups/group_transform.py
[2024-06-29T22:34:39.029+0700] {processor.py:183} INFO - Processing /home/daniel/airflow/dags/groups/group_transform.py took 0.029 seconds
[2024-06-29T22:35:09.686+0700] {processor.py:161} INFO - Started process (PID=11703) to work on /home/daniel/airflow/dags/groups/group_transform.py
[2024-06-29T22:35:09.687+0700] {processor.py:830} INFO - Processing file /home/daniel/airflow/dags/groups/group_transform.py for tasks to queue
[2024-06-29T22:35:09.689+0700] {logging_mixin.py:188} INFO - [2024-06-29T22:35:09.689+0700] {dagbag.py:545} INFO - Filling up the DagBag from /home/daniel/airflow/dags/groups/group_transform.py
[2024-06-29T22:35:09.691+0700] {processor.py:842} WARNING - No viable dags retrieved from /home/daniel/airflow/dags/groups/group_transform.py
[2024-06-29T22:35:09.709+0700] {processor.py:183} INFO - Processing /home/daniel/airflow/dags/groups/group_transform.py took 0.029 seconds
[2024-06-29T22:35:40.729+0700] {processor.py:161} INFO - Started process (PID=11846) to work on /home/daniel/airflow/dags/groups/group_transform.py
[2024-06-29T22:35:40.730+0700] {processor.py:830} INFO - Processing file /home/daniel/airflow/dags/groups/group_transform.py for tasks to queue
[2024-06-29T22:35:40.731+0700] {logging_mixin.py:188} INFO - [2024-06-29T22:35:40.731+0700] {dagbag.py:545} INFO - Filling up the DagBag from /home/daniel/airflow/dags/groups/group_transform.py
[2024-06-29T22:35:40.732+0700] {processor.py:842} WARNING - No viable dags retrieved from /home/daniel/airflow/dags/groups/group_transform.py
[2024-06-29T22:35:40.750+0700] {processor.py:183} INFO - Processing /home/daniel/airflow/dags/groups/group_transform.py took 0.027 seconds
[2024-06-29T22:36:11.684+0700] {processor.py:161} INFO - Started process (PID=12020) to work on /home/daniel/airflow/dags/groups/group_transform.py
[2024-06-29T22:36:11.685+0700] {processor.py:830} INFO - Processing file /home/daniel/airflow/dags/groups/group_transform.py for tasks to queue
[2024-06-29T22:36:11.687+0700] {logging_mixin.py:188} INFO - [2024-06-29T22:36:11.687+0700] {dagbag.py:545} INFO - Filling up the DagBag from /home/daniel/airflow/dags/groups/group_transform.py
[2024-06-29T22:36:11.688+0700] {processor.py:842} WARNING - No viable dags retrieved from /home/daniel/airflow/dags/groups/group_transform.py
[2024-06-29T22:36:11.708+0700] {processor.py:183} INFO - Processing /home/daniel/airflow/dags/groups/group_transform.py took 0.030 seconds
