[2024-06-29T22:14:12.744+0700] {processor.py:161} INFO - Started process (PID=3744) to work on /home/daniel/airflow/dags/groups/group_download.py
[2024-06-29T22:14:12.744+0700] {processor.py:830} INFO - Processing file /home/daniel/airflow/dags/groups/group_download.py for tasks to queue
[2024-06-29T22:14:12.746+0700] {logging_mixin.py:188} INFO - [2024-06-29T22:14:12.745+0700] {dagbag.py:545} INFO - Filling up the DagBag from /home/daniel/airflow/dags/groups/group_download.py
[2024-06-29T22:14:12.747+0700] {processor.py:842} WARNING - No viable dags retrieved from /home/daniel/airflow/dags/groups/group_download.py
[2024-06-29T22:14:12.767+0700] {processor.py:183} INFO - Processing /home/daniel/airflow/dags/groups/group_download.py took 0.029 seconds
[2024-06-29T22:14:43.583+0700] {processor.py:161} INFO - Started process (PID=3894) to work on /home/daniel/airflow/dags/groups/group_download.py
[2024-06-29T22:14:43.585+0700] {processor.py:830} INFO - Processing file /home/daniel/airflow/dags/groups/group_download.py for tasks to queue
[2024-06-29T22:14:43.589+0700] {logging_mixin.py:188} INFO - [2024-06-29T22:14:43.588+0700] {dagbag.py:545} INFO - Filling up the DagBag from /home/daniel/airflow/dags/groups/group_download.py
[2024-06-29T22:14:43.592+0700] {processor.py:842} WARNING - No viable dags retrieved from /home/daniel/airflow/dags/groups/group_download.py
[2024-06-29T22:14:43.625+0700] {processor.py:183} INFO - Processing /home/daniel/airflow/dags/groups/group_download.py took 0.050 seconds
[2024-06-29T22:15:13.711+0700] {processor.py:161} INFO - Started process (PID=4039) to work on /home/daniel/airflow/dags/groups/group_download.py
[2024-06-29T22:15:13.712+0700] {processor.py:830} INFO - Processing file /home/daniel/airflow/dags/groups/group_download.py for tasks to queue
[2024-06-29T22:15:13.714+0700] {logging_mixin.py:188} INFO - [2024-06-29T22:15:13.713+0700] {dagbag.py:545} INFO - Filling up the DagBag from /home/daniel/airflow/dags/groups/group_download.py
[2024-06-29T22:15:13.716+0700] {processor.py:842} WARNING - No viable dags retrieved from /home/daniel/airflow/dags/groups/group_download.py
[2024-06-29T22:15:13.740+0700] {processor.py:183} INFO - Processing /home/daniel/airflow/dags/groups/group_download.py took 0.034 seconds
[2024-06-29T22:15:44.124+0700] {processor.py:161} INFO - Started process (PID=4206) to work on /home/daniel/airflow/dags/groups/group_download.py
[2024-06-29T22:15:44.125+0700] {processor.py:830} INFO - Processing file /home/daniel/airflow/dags/groups/group_download.py for tasks to queue
[2024-06-29T22:15:44.127+0700] {logging_mixin.py:188} INFO - [2024-06-29T22:15:44.126+0700] {dagbag.py:545} INFO - Filling up the DagBag from /home/daniel/airflow/dags/groups/group_download.py
[2024-06-29T22:15:44.128+0700] {processor.py:842} WARNING - No viable dags retrieved from /home/daniel/airflow/dags/groups/group_download.py
[2024-06-29T22:15:44.145+0700] {processor.py:183} INFO - Processing /home/daniel/airflow/dags/groups/group_download.py took 0.027 seconds
[2024-06-29T22:16:14.969+0700] {processor.py:161} INFO - Started process (PID=4349) to work on /home/daniel/airflow/dags/groups/group_download.py
[2024-06-29T22:16:14.970+0700] {processor.py:830} INFO - Processing file /home/daniel/airflow/dags/groups/group_download.py for tasks to queue
[2024-06-29T22:16:14.971+0700] {logging_mixin.py:188} INFO - [2024-06-29T22:16:14.971+0700] {dagbag.py:545} INFO - Filling up the DagBag from /home/daniel/airflow/dags/groups/group_download.py
[2024-06-29T22:16:14.973+0700] {processor.py:842} WARNING - No viable dags retrieved from /home/daniel/airflow/dags/groups/group_download.py
[2024-06-29T22:16:14.990+0700] {processor.py:183} INFO - Processing /home/daniel/airflow/dags/groups/group_download.py took 0.027 seconds
[2024-06-29T22:16:45.470+0700] {processor.py:161} INFO - Started process (PID=4493) to work on /home/daniel/airflow/dags/groups/group_download.py
[2024-06-29T22:16:45.471+0700] {processor.py:830} INFO - Processing file /home/daniel/airflow/dags/groups/group_download.py for tasks to queue
[2024-06-29T22:16:45.473+0700] {logging_mixin.py:188} INFO - [2024-06-29T22:16:45.472+0700] {dagbag.py:545} INFO - Filling up the DagBag from /home/daniel/airflow/dags/groups/group_download.py
[2024-06-29T22:16:45.474+0700] {processor.py:842} WARNING - No viable dags retrieved from /home/daniel/airflow/dags/groups/group_download.py
[2024-06-29T22:16:45.491+0700] {processor.py:183} INFO - Processing /home/daniel/airflow/dags/groups/group_download.py took 0.027 seconds
[2024-06-29T22:17:15.925+0700] {processor.py:161} INFO - Started process (PID=4637) to work on /home/daniel/airflow/dags/groups/group_download.py
[2024-06-29T22:17:15.926+0700] {processor.py:830} INFO - Processing file /home/daniel/airflow/dags/groups/group_download.py for tasks to queue
[2024-06-29T22:17:15.927+0700] {logging_mixin.py:188} INFO - [2024-06-29T22:17:15.927+0700] {dagbag.py:545} INFO - Filling up the DagBag from /home/daniel/airflow/dags/groups/group_download.py
[2024-06-29T22:17:15.929+0700] {processor.py:842} WARNING - No viable dags retrieved from /home/daniel/airflow/dags/groups/group_download.py
[2024-06-29T22:17:15.945+0700] {processor.py:183} INFO - Processing /home/daniel/airflow/dags/groups/group_download.py took 0.026 seconds
[2024-06-29T22:17:46.271+0700] {processor.py:161} INFO - Started process (PID=4780) to work on /home/daniel/airflow/dags/groups/group_download.py
[2024-06-29T22:17:46.271+0700] {processor.py:830} INFO - Processing file /home/daniel/airflow/dags/groups/group_download.py for tasks to queue
[2024-06-29T22:17:46.272+0700] {logging_mixin.py:188} INFO - [2024-06-29T22:17:46.272+0700] {dagbag.py:545} INFO - Filling up the DagBag from /home/daniel/airflow/dags/groups/group_download.py
[2024-06-29T22:17:46.274+0700] {processor.py:842} WARNING - No viable dags retrieved from /home/daniel/airflow/dags/groups/group_download.py
[2024-06-29T22:17:46.292+0700] {processor.py:183} INFO - Processing /home/daniel/airflow/dags/groups/group_download.py took 0.027 seconds
[2024-06-29T22:18:16.828+0700] {processor.py:161} INFO - Started process (PID=4922) to work on /home/daniel/airflow/dags/groups/group_download.py
[2024-06-29T22:18:16.829+0700] {processor.py:830} INFO - Processing file /home/daniel/airflow/dags/groups/group_download.py for tasks to queue
[2024-06-29T22:18:16.831+0700] {logging_mixin.py:188} INFO - [2024-06-29T22:18:16.830+0700] {dagbag.py:545} INFO - Filling up the DagBag from /home/daniel/airflow/dags/groups/group_download.py
[2024-06-29T22:18:16.832+0700] {processor.py:842} WARNING - No viable dags retrieved from /home/daniel/airflow/dags/groups/group_download.py
[2024-06-29T22:18:16.855+0700] {processor.py:183} INFO - Processing /home/daniel/airflow/dags/groups/group_download.py took 0.034 seconds
[2024-06-29T22:18:47.587+0700] {processor.py:161} INFO - Started process (PID=5068) to work on /home/daniel/airflow/dags/groups/group_download.py
[2024-06-29T22:18:47.588+0700] {processor.py:830} INFO - Processing file /home/daniel/airflow/dags/groups/group_download.py for tasks to queue
[2024-06-29T22:18:47.589+0700] {logging_mixin.py:188} INFO - [2024-06-29T22:18:47.589+0700] {dagbag.py:545} INFO - Filling up the DagBag from /home/daniel/airflow/dags/groups/group_download.py
[2024-06-29T22:18:47.591+0700] {processor.py:842} WARNING - No viable dags retrieved from /home/daniel/airflow/dags/groups/group_download.py
[2024-06-29T22:18:47.607+0700] {processor.py:183} INFO - Processing /home/daniel/airflow/dags/groups/group_download.py took 0.025 seconds
[2024-06-29T22:19:17.868+0700] {processor.py:161} INFO - Started process (PID=5209) to work on /home/daniel/airflow/dags/groups/group_download.py
[2024-06-29T22:19:17.869+0700] {processor.py:830} INFO - Processing file /home/daniel/airflow/dags/groups/group_download.py for tasks to queue
[2024-06-29T22:19:17.870+0700] {logging_mixin.py:188} INFO - [2024-06-29T22:19:17.870+0700] {dagbag.py:545} INFO - Filling up the DagBag from /home/daniel/airflow/dags/groups/group_download.py
[2024-06-29T22:19:17.872+0700] {processor.py:842} WARNING - No viable dags retrieved from /home/daniel/airflow/dags/groups/group_download.py
[2024-06-29T22:19:17.888+0700] {processor.py:183} INFO - Processing /home/daniel/airflow/dags/groups/group_download.py took 0.026 seconds
[2024-06-29T22:19:48.074+0700] {processor.py:161} INFO - Started process (PID=5371) to work on /home/daniel/airflow/dags/groups/group_download.py
[2024-06-29T22:19:48.075+0700] {processor.py:830} INFO - Processing file /home/daniel/airflow/dags/groups/group_download.py for tasks to queue
[2024-06-29T22:19:48.077+0700] {logging_mixin.py:188} INFO - [2024-06-29T22:19:48.076+0700] {dagbag.py:545} INFO - Filling up the DagBag from /home/daniel/airflow/dags/groups/group_download.py
[2024-06-29T22:19:48.078+0700] {processor.py:842} WARNING - No viable dags retrieved from /home/daniel/airflow/dags/groups/group_download.py
[2024-06-29T22:19:48.097+0700] {processor.py:183} INFO - Processing /home/daniel/airflow/dags/groups/group_download.py took 0.028 seconds
[2024-06-29T22:20:18.899+0700] {processor.py:161} INFO - Started process (PID=5525) to work on /home/daniel/airflow/dags/groups/group_download.py
[2024-06-29T22:20:18.900+0700] {processor.py:830} INFO - Processing file /home/daniel/airflow/dags/groups/group_download.py for tasks to queue
[2024-06-29T22:20:18.902+0700] {logging_mixin.py:188} INFO - [2024-06-29T22:20:18.901+0700] {dagbag.py:545} INFO - Filling up the DagBag from /home/daniel/airflow/dags/groups/group_download.py
[2024-06-29T22:20:18.904+0700] {processor.py:842} WARNING - No viable dags retrieved from /home/daniel/airflow/dags/groups/group_download.py
[2024-06-29T22:20:18.927+0700] {processor.py:183} INFO - Processing /home/daniel/airflow/dags/groups/group_download.py took 0.037 seconds
[2024-06-29T22:20:49.980+0700] {processor.py:161} INFO - Started process (PID=5687) to work on /home/daniel/airflow/dags/groups/group_download.py
[2024-06-29T22:20:49.981+0700] {processor.py:830} INFO - Processing file /home/daniel/airflow/dags/groups/group_download.py for tasks to queue
[2024-06-29T22:20:49.982+0700] {logging_mixin.py:188} INFO - [2024-06-29T22:20:49.982+0700] {dagbag.py:545} INFO - Filling up the DagBag from /home/daniel/airflow/dags/groups/group_download.py
[2024-06-29T22:20:49.984+0700] {processor.py:842} WARNING - No viable dags retrieved from /home/daniel/airflow/dags/groups/group_download.py
[2024-06-29T22:20:50.001+0700] {processor.py:183} INFO - Processing /home/daniel/airflow/dags/groups/group_download.py took 0.027 seconds
[2024-06-29T22:21:20.677+0700] {processor.py:161} INFO - Started process (PID=5942) to work on /home/daniel/airflow/dags/groups/group_download.py
[2024-06-29T22:21:20.678+0700] {processor.py:830} INFO - Processing file /home/daniel/airflow/dags/groups/group_download.py for tasks to queue
[2024-06-29T22:21:20.680+0700] {logging_mixin.py:188} INFO - [2024-06-29T22:21:20.680+0700] {dagbag.py:545} INFO - Filling up the DagBag from /home/daniel/airflow/dags/groups/group_download.py
[2024-06-29T22:21:20.681+0700] {processor.py:842} WARNING - No viable dags retrieved from /home/daniel/airflow/dags/groups/group_download.py
[2024-06-29T22:21:20.698+0700] {processor.py:183} INFO - Processing /home/daniel/airflow/dags/groups/group_download.py took 0.026 seconds
[2024-06-29T22:21:51.607+0700] {processor.py:161} INFO - Started process (PID=6128) to work on /home/daniel/airflow/dags/groups/group_download.py
[2024-06-29T22:21:51.608+0700] {processor.py:830} INFO - Processing file /home/daniel/airflow/dags/groups/group_download.py for tasks to queue
[2024-06-29T22:21:51.610+0700] {logging_mixin.py:188} INFO - [2024-06-29T22:21:51.609+0700] {dagbag.py:545} INFO - Filling up the DagBag from /home/daniel/airflow/dags/groups/group_download.py
[2024-06-29T22:21:51.612+0700] {processor.py:842} WARNING - No viable dags retrieved from /home/daniel/airflow/dags/groups/group_download.py
[2024-06-29T22:21:51.630+0700] {processor.py:183} INFO - Processing /home/daniel/airflow/dags/groups/group_download.py took 0.029 seconds
[2024-06-29T22:22:22.378+0700] {processor.py:161} INFO - Started process (PID=6310) to work on /home/daniel/airflow/dags/groups/group_download.py
[2024-06-29T22:22:22.379+0700] {processor.py:830} INFO - Processing file /home/daniel/airflow/dags/groups/group_download.py for tasks to queue
[2024-06-29T22:22:22.381+0700] {logging_mixin.py:188} INFO - [2024-06-29T22:22:22.380+0700] {dagbag.py:545} INFO - Filling up the DagBag from /home/daniel/airflow/dags/groups/group_download.py
[2024-06-29T22:22:22.383+0700] {processor.py:842} WARNING - No viable dags retrieved from /home/daniel/airflow/dags/groups/group_download.py
[2024-06-29T22:22:22.401+0700] {processor.py:183} INFO - Processing /home/daniel/airflow/dags/groups/group_download.py took 0.029 seconds
[2024-06-29T22:22:53.032+0700] {processor.py:161} INFO - Started process (PID=6458) to work on /home/daniel/airflow/dags/groups/group_download.py
[2024-06-29T22:22:53.032+0700] {processor.py:830} INFO - Processing file /home/daniel/airflow/dags/groups/group_download.py for tasks to queue
[2024-06-29T22:22:53.034+0700] {logging_mixin.py:188} INFO - [2024-06-29T22:22:53.033+0700] {dagbag.py:545} INFO - Filling up the DagBag from /home/daniel/airflow/dags/groups/group_download.py
[2024-06-29T22:22:53.035+0700] {processor.py:842} WARNING - No viable dags retrieved from /home/daniel/airflow/dags/groups/group_download.py
[2024-06-29T22:22:53.051+0700] {processor.py:183} INFO - Processing /home/daniel/airflow/dags/groups/group_download.py took 0.026 seconds
[2024-06-29T22:23:23.502+0700] {processor.py:161} INFO - Started process (PID=6604) to work on /home/daniel/airflow/dags/groups/group_download.py
[2024-06-29T22:23:23.503+0700] {processor.py:830} INFO - Processing file /home/daniel/airflow/dags/groups/group_download.py for tasks to queue
[2024-06-29T22:23:23.504+0700] {logging_mixin.py:188} INFO - [2024-06-29T22:23:23.504+0700] {dagbag.py:545} INFO - Filling up the DagBag from /home/daniel/airflow/dags/groups/group_download.py
[2024-06-29T22:23:23.505+0700] {processor.py:842} WARNING - No viable dags retrieved from /home/daniel/airflow/dags/groups/group_download.py
[2024-06-29T22:23:23.522+0700] {processor.py:183} INFO - Processing /home/daniel/airflow/dags/groups/group_download.py took 0.027 seconds
[2024-06-29T22:23:54.197+0700] {processor.py:161} INFO - Started process (PID=6755) to work on /home/daniel/airflow/dags/groups/group_download.py
[2024-06-29T22:23:54.198+0700] {processor.py:830} INFO - Processing file /home/daniel/airflow/dags/groups/group_download.py for tasks to queue
[2024-06-29T22:23:54.199+0700] {logging_mixin.py:188} INFO - [2024-06-29T22:23:54.199+0700] {dagbag.py:545} INFO - Filling up the DagBag from /home/daniel/airflow/dags/groups/group_download.py
[2024-06-29T22:23:54.201+0700] {processor.py:842} WARNING - No viable dags retrieved from /home/daniel/airflow/dags/groups/group_download.py
[2024-06-29T22:23:54.219+0700] {processor.py:183} INFO - Processing /home/daniel/airflow/dags/groups/group_download.py took 0.028 seconds
[2024-06-29T22:24:25.218+0700] {processor.py:161} INFO - Started process (PID=7053) to work on /home/daniel/airflow/dags/groups/group_download.py
[2024-06-29T22:24:25.219+0700] {processor.py:830} INFO - Processing file /home/daniel/airflow/dags/groups/group_download.py for tasks to queue
[2024-06-29T22:24:25.221+0700] {logging_mixin.py:188} INFO - [2024-06-29T22:24:25.220+0700] {dagbag.py:545} INFO - Filling up the DagBag from /home/daniel/airflow/dags/groups/group_download.py
[2024-06-29T22:24:25.222+0700] {processor.py:842} WARNING - No viable dags retrieved from /home/daniel/airflow/dags/groups/group_download.py
[2024-06-29T22:24:25.239+0700] {processor.py:183} INFO - Processing /home/daniel/airflow/dags/groups/group_download.py took 0.027 seconds
[2024-06-29T22:24:55.523+0700] {processor.py:161} INFO - Started process (PID=7220) to work on /home/daniel/airflow/dags/groups/group_download.py
[2024-06-29T22:24:55.524+0700] {processor.py:830} INFO - Processing file /home/daniel/airflow/dags/groups/group_download.py for tasks to queue
[2024-06-29T22:24:55.525+0700] {logging_mixin.py:188} INFO - [2024-06-29T22:24:55.525+0700] {dagbag.py:545} INFO - Filling up the DagBag from /home/daniel/airflow/dags/groups/group_download.py
[2024-06-29T22:24:55.527+0700] {processor.py:842} WARNING - No viable dags retrieved from /home/daniel/airflow/dags/groups/group_download.py
[2024-06-29T22:24:55.544+0700] {processor.py:183} INFO - Processing /home/daniel/airflow/dags/groups/group_download.py took 0.027 seconds
[2024-06-29T22:25:26.224+0700] {processor.py:161} INFO - Started process (PID=7370) to work on /home/daniel/airflow/dags/groups/group_download.py
[2024-06-29T22:25:26.225+0700] {processor.py:830} INFO - Processing file /home/daniel/airflow/dags/groups/group_download.py for tasks to queue
[2024-06-29T22:25:26.227+0700] {logging_mixin.py:188} INFO - [2024-06-29T22:25:26.227+0700] {dagbag.py:545} INFO - Filling up the DagBag from /home/daniel/airflow/dags/groups/group_download.py
[2024-06-29T22:25:26.229+0700] {processor.py:842} WARNING - No viable dags retrieved from /home/daniel/airflow/dags/groups/group_download.py
[2024-06-29T22:25:26.249+0700] {processor.py:183} INFO - Processing /home/daniel/airflow/dags/groups/group_download.py took 0.032 seconds
[2024-06-29T22:25:57.213+0700] {processor.py:161} INFO - Started process (PID=7540) to work on /home/daniel/airflow/dags/groups/group_download.py
[2024-06-29T22:25:57.214+0700] {processor.py:830} INFO - Processing file /home/daniel/airflow/dags/groups/group_download.py for tasks to queue
[2024-06-29T22:25:57.215+0700] {logging_mixin.py:188} INFO - [2024-06-29T22:25:57.215+0700] {dagbag.py:545} INFO - Filling up the DagBag from /home/daniel/airflow/dags/groups/group_download.py
[2024-06-29T22:25:57.217+0700] {processor.py:842} WARNING - No viable dags retrieved from /home/daniel/airflow/dags/groups/group_download.py
[2024-06-29T22:25:57.234+0700] {processor.py:183} INFO - Processing /home/daniel/airflow/dags/groups/group_download.py took 0.027 seconds
[2024-06-29T22:26:27.969+0700] {processor.py:161} INFO - Started process (PID=7732) to work on /home/daniel/airflow/dags/groups/group_download.py
[2024-06-29T22:26:27.970+0700] {processor.py:830} INFO - Processing file /home/daniel/airflow/dags/groups/group_download.py for tasks to queue
[2024-06-29T22:26:27.972+0700] {logging_mixin.py:188} INFO - [2024-06-29T22:26:27.971+0700] {dagbag.py:545} INFO - Filling up the DagBag from /home/daniel/airflow/dags/groups/group_download.py
[2024-06-29T22:26:27.974+0700] {processor.py:842} WARNING - No viable dags retrieved from /home/daniel/airflow/dags/groups/group_download.py
[2024-06-29T22:26:27.993+0700] {processor.py:183} INFO - Processing /home/daniel/airflow/dags/groups/group_download.py took 0.031 seconds
[2024-06-29T22:26:58.431+0700] {processor.py:161} INFO - Started process (PID=7873) to work on /home/daniel/airflow/dags/groups/group_download.py
[2024-06-29T22:26:58.432+0700] {processor.py:830} INFO - Processing file /home/daniel/airflow/dags/groups/group_download.py for tasks to queue
[2024-06-29T22:26:58.433+0700] {logging_mixin.py:188} INFO - [2024-06-29T22:26:58.433+0700] {dagbag.py:545} INFO - Filling up the DagBag from /home/daniel/airflow/dags/groups/group_download.py
[2024-06-29T22:26:58.435+0700] {processor.py:842} WARNING - No viable dags retrieved from /home/daniel/airflow/dags/groups/group_download.py
[2024-06-29T22:26:58.453+0700] {processor.py:183} INFO - Processing /home/daniel/airflow/dags/groups/group_download.py took 0.029 seconds
[2024-06-29T22:27:29.054+0700] {processor.py:161} INFO - Started process (PID=8017) to work on /home/daniel/airflow/dags/groups/group_download.py
[2024-06-29T22:27:29.055+0700] {processor.py:830} INFO - Processing file /home/daniel/airflow/dags/groups/group_download.py for tasks to queue
[2024-06-29T22:27:29.056+0700] {logging_mixin.py:188} INFO - [2024-06-29T22:27:29.056+0700] {dagbag.py:545} INFO - Filling up the DagBag from /home/daniel/airflow/dags/groups/group_download.py
[2024-06-29T22:27:29.058+0700] {processor.py:842} WARNING - No viable dags retrieved from /home/daniel/airflow/dags/groups/group_download.py
[2024-06-29T22:27:29.075+0700] {processor.py:183} INFO - Processing /home/daniel/airflow/dags/groups/group_download.py took 0.027 seconds
[2024-06-29T22:27:59.592+0700] {processor.py:161} INFO - Started process (PID=8158) to work on /home/daniel/airflow/dags/groups/group_download.py
[2024-06-29T22:27:59.593+0700] {processor.py:830} INFO - Processing file /home/daniel/airflow/dags/groups/group_download.py for tasks to queue
[2024-06-29T22:27:59.594+0700] {logging_mixin.py:188} INFO - [2024-06-29T22:27:59.594+0700] {dagbag.py:545} INFO - Filling up the DagBag from /home/daniel/airflow/dags/groups/group_download.py
[2024-06-29T22:27:59.596+0700] {processor.py:842} WARNING - No viable dags retrieved from /home/daniel/airflow/dags/groups/group_download.py
[2024-06-29T22:27:59.613+0700] {processor.py:183} INFO - Processing /home/daniel/airflow/dags/groups/group_download.py took 0.028 seconds
[2024-06-29T22:28:30.164+0700] {processor.py:161} INFO - Started process (PID=8302) to work on /home/daniel/airflow/dags/groups/group_download.py
[2024-06-29T22:28:30.166+0700] {processor.py:830} INFO - Processing file /home/daniel/airflow/dags/groups/group_download.py for tasks to queue
[2024-06-29T22:28:30.167+0700] {logging_mixin.py:188} INFO - [2024-06-29T22:28:30.167+0700] {dagbag.py:545} INFO - Filling up the DagBag from /home/daniel/airflow/dags/groups/group_download.py
[2024-06-29T22:28:30.168+0700] {processor.py:842} WARNING - No viable dags retrieved from /home/daniel/airflow/dags/groups/group_download.py
[2024-06-29T22:28:30.186+0700] {processor.py:183} INFO - Processing /home/daniel/airflow/dags/groups/group_download.py took 0.028 seconds
[2024-06-29T22:29:00.646+0700] {processor.py:161} INFO - Started process (PID=8443) to work on /home/daniel/airflow/dags/groups/group_download.py
[2024-06-29T22:29:00.648+0700] {processor.py:830} INFO - Processing file /home/daniel/airflow/dags/groups/group_download.py for tasks to queue
[2024-06-29T22:29:00.649+0700] {logging_mixin.py:188} INFO - [2024-06-29T22:29:00.649+0700] {dagbag.py:545} INFO - Filling up the DagBag from /home/daniel/airflow/dags/groups/group_download.py
[2024-06-29T22:29:00.651+0700] {processor.py:842} WARNING - No viable dags retrieved from /home/daniel/airflow/dags/groups/group_download.py
[2024-06-29T22:29:00.672+0700] {processor.py:183} INFO - Processing /home/daniel/airflow/dags/groups/group_download.py took 0.032 seconds
[2024-06-29T22:29:31.602+0700] {processor.py:161} INFO - Started process (PID=8588) to work on /home/daniel/airflow/dags/groups/group_download.py
[2024-06-29T22:29:31.603+0700] {processor.py:830} INFO - Processing file /home/daniel/airflow/dags/groups/group_download.py for tasks to queue
[2024-06-29T22:29:31.605+0700] {logging_mixin.py:188} INFO - [2024-06-29T22:29:31.605+0700] {dagbag.py:545} INFO - Filling up the DagBag from /home/daniel/airflow/dags/groups/group_download.py
[2024-06-29T22:29:31.607+0700] {processor.py:842} WARNING - No viable dags retrieved from /home/daniel/airflow/dags/groups/group_download.py
[2024-06-29T22:29:31.624+0700] {processor.py:183} INFO - Processing /home/daniel/airflow/dags/groups/group_download.py took 0.027 seconds
[2024-06-29T22:30:02.119+0700] {processor.py:161} INFO - Started process (PID=8734) to work on /home/daniel/airflow/dags/groups/group_download.py
[2024-06-29T22:30:02.120+0700] {processor.py:830} INFO - Processing file /home/daniel/airflow/dags/groups/group_download.py for tasks to queue
[2024-06-29T22:30:02.122+0700] {logging_mixin.py:188} INFO - [2024-06-29T22:30:02.121+0700] {dagbag.py:545} INFO - Filling up the DagBag from /home/daniel/airflow/dags/groups/group_download.py
[2024-06-29T22:30:02.123+0700] {processor.py:842} WARNING - No viable dags retrieved from /home/daniel/airflow/dags/groups/group_download.py
[2024-06-29T22:30:02.141+0700] {processor.py:183} INFO - Processing /home/daniel/airflow/dags/groups/group_download.py took 0.028 seconds
[2024-06-29T22:30:33.071+0700] {processor.py:161} INFO - Started process (PID=8877) to work on /home/daniel/airflow/dags/groups/group_download.py
[2024-06-29T22:30:33.072+0700] {processor.py:830} INFO - Processing file /home/daniel/airflow/dags/groups/group_download.py for tasks to queue
[2024-06-29T22:30:33.074+0700] {logging_mixin.py:188} INFO - [2024-06-29T22:30:33.073+0700] {dagbag.py:545} INFO - Filling up the DagBag from /home/daniel/airflow/dags/groups/group_download.py
[2024-06-29T22:30:33.075+0700] {processor.py:842} WARNING - No viable dags retrieved from /home/daniel/airflow/dags/groups/group_download.py
[2024-06-29T22:30:33.093+0700] {processor.py:183} INFO - Processing /home/daniel/airflow/dags/groups/group_download.py took 0.028 seconds
[2024-06-29T22:31:03.824+0700] {processor.py:161} INFO - Started process (PID=9018) to work on /home/daniel/airflow/dags/groups/group_download.py
[2024-06-29T22:31:03.825+0700] {processor.py:830} INFO - Processing file /home/daniel/airflow/dags/groups/group_download.py for tasks to queue
[2024-06-29T22:31:03.826+0700] {logging_mixin.py:188} INFO - [2024-06-29T22:31:03.826+0700] {dagbag.py:545} INFO - Filling up the DagBag from /home/daniel/airflow/dags/groups/group_download.py
[2024-06-29T22:31:03.828+0700] {processor.py:842} WARNING - No viable dags retrieved from /home/daniel/airflow/dags/groups/group_download.py
[2024-06-29T22:31:03.844+0700] {processor.py:183} INFO - Processing /home/daniel/airflow/dags/groups/group_download.py took 0.025 seconds
[2024-06-29T22:31:34.815+0700] {processor.py:161} INFO - Started process (PID=9197) to work on /home/daniel/airflow/dags/groups/group_download.py
[2024-06-29T22:31:34.816+0700] {processor.py:830} INFO - Processing file /home/daniel/airflow/dags/groups/group_download.py for tasks to queue
[2024-06-29T22:31:34.817+0700] {logging_mixin.py:188} INFO - [2024-06-29T22:31:34.817+0700] {dagbag.py:545} INFO - Filling up the DagBag from /home/daniel/airflow/dags/groups/group_download.py
[2024-06-29T22:31:34.819+0700] {processor.py:842} WARNING - No viable dags retrieved from /home/daniel/airflow/dags/groups/group_download.py
[2024-06-29T22:31:34.836+0700] {processor.py:183} INFO - Processing /home/daniel/airflow/dags/groups/group_download.py took 0.027 seconds
[2024-06-29T22:32:05.406+0700] {processor.py:161} INFO - Started process (PID=9369) to work on /home/daniel/airflow/dags/groups/group_download.py
[2024-06-29T22:32:05.407+0700] {processor.py:830} INFO - Processing file /home/daniel/airflow/dags/groups/group_download.py for tasks to queue
[2024-06-29T22:32:05.409+0700] {logging_mixin.py:188} INFO - [2024-06-29T22:32:05.408+0700] {dagbag.py:545} INFO - Filling up the DagBag from /home/daniel/airflow/dags/groups/group_download.py
[2024-06-29T22:32:05.410+0700] {processor.py:842} WARNING - No viable dags retrieved from /home/daniel/airflow/dags/groups/group_download.py
[2024-06-29T22:32:05.427+0700] {processor.py:183} INFO - Processing /home/daniel/airflow/dags/groups/group_download.py took 0.027 seconds
[2024-06-29T22:32:35.929+0700] {processor.py:161} INFO - Started process (PID=9522) to work on /home/daniel/airflow/dags/groups/group_download.py
[2024-06-29T22:32:35.929+0700] {processor.py:830} INFO - Processing file /home/daniel/airflow/dags/groups/group_download.py for tasks to queue
[2024-06-29T22:32:35.931+0700] {logging_mixin.py:188} INFO - [2024-06-29T22:32:35.930+0700] {dagbag.py:545} INFO - Filling up the DagBag from /home/daniel/airflow/dags/groups/group_download.py
[2024-06-29T22:32:35.932+0700] {processor.py:842} WARNING - No viable dags retrieved from /home/daniel/airflow/dags/groups/group_download.py
[2024-06-29T22:32:35.951+0700] {processor.py:183} INFO - Processing /home/daniel/airflow/dags/groups/group_download.py took 0.028 seconds
[2024-06-29T22:33:06.730+0700] {processor.py:161} INFO - Started process (PID=11077) to work on /home/daniel/airflow/dags/groups/group_download.py
[2024-06-29T22:33:06.731+0700] {processor.py:830} INFO - Processing file /home/daniel/airflow/dags/groups/group_download.py for tasks to queue
[2024-06-29T22:33:06.733+0700] {logging_mixin.py:188} INFO - [2024-06-29T22:33:06.733+0700] {dagbag.py:545} INFO - Filling up the DagBag from /home/daniel/airflow/dags/groups/group_download.py
[2024-06-29T22:33:06.736+0700] {processor.py:842} WARNING - No viable dags retrieved from /home/daniel/airflow/dags/groups/group_download.py
[2024-06-29T22:33:06.758+0700] {processor.py:183} INFO - Processing /home/daniel/airflow/dags/groups/group_download.py took 0.035 seconds
[2024-06-29T22:33:37.488+0700] {processor.py:161} INFO - Started process (PID=11234) to work on /home/daniel/airflow/dags/groups/group_download.py
[2024-06-29T22:33:37.489+0700] {processor.py:830} INFO - Processing file /home/daniel/airflow/dags/groups/group_download.py for tasks to queue
[2024-06-29T22:33:37.491+0700] {logging_mixin.py:188} INFO - [2024-06-29T22:33:37.491+0700] {dagbag.py:545} INFO - Filling up the DagBag from /home/daniel/airflow/dags/groups/group_download.py
[2024-06-29T22:33:37.493+0700] {processor.py:842} WARNING - No viable dags retrieved from /home/daniel/airflow/dags/groups/group_download.py
[2024-06-29T22:33:37.512+0700] {processor.py:183} INFO - Processing /home/daniel/airflow/dags/groups/group_download.py took 0.030 seconds
[2024-06-29T22:34:08.067+0700] {processor.py:161} INFO - Started process (PID=11387) to work on /home/daniel/airflow/dags/groups/group_download.py
[2024-06-29T22:34:08.068+0700] {processor.py:830} INFO - Processing file /home/daniel/airflow/dags/groups/group_download.py for tasks to queue
[2024-06-29T22:34:08.070+0700] {logging_mixin.py:188} INFO - [2024-06-29T22:34:08.069+0700] {dagbag.py:545} INFO - Filling up the DagBag from /home/daniel/airflow/dags/groups/group_download.py
[2024-06-29T22:34:08.071+0700] {processor.py:842} WARNING - No viable dags retrieved from /home/daniel/airflow/dags/groups/group_download.py
[2024-06-29T22:34:08.092+0700] {processor.py:183} INFO - Processing /home/daniel/airflow/dags/groups/group_download.py took 0.031 seconds
[2024-06-29T22:34:39.052+0700] {processor.py:161} INFO - Started process (PID=11552) to work on /home/daniel/airflow/dags/groups/group_download.py
[2024-06-29T22:34:39.053+0700] {processor.py:830} INFO - Processing file /home/daniel/airflow/dags/groups/group_download.py for tasks to queue
[2024-06-29T22:34:39.055+0700] {logging_mixin.py:188} INFO - [2024-06-29T22:34:39.054+0700] {dagbag.py:545} INFO - Filling up the DagBag from /home/daniel/airflow/dags/groups/group_download.py
[2024-06-29T22:34:39.057+0700] {processor.py:842} WARNING - No viable dags retrieved from /home/daniel/airflow/dags/groups/group_download.py
[2024-06-29T22:34:39.076+0700] {processor.py:183} INFO - Processing /home/daniel/airflow/dags/groups/group_download.py took 0.030 seconds
[2024-06-29T22:35:09.730+0700] {processor.py:161} INFO - Started process (PID=11705) to work on /home/daniel/airflow/dags/groups/group_download.py
[2024-06-29T22:35:09.732+0700] {processor.py:830} INFO - Processing file /home/daniel/airflow/dags/groups/group_download.py for tasks to queue
[2024-06-29T22:35:09.733+0700] {logging_mixin.py:188} INFO - [2024-06-29T22:35:09.733+0700] {dagbag.py:545} INFO - Filling up the DagBag from /home/daniel/airflow/dags/groups/group_download.py
[2024-06-29T22:35:09.734+0700] {processor.py:842} WARNING - No viable dags retrieved from /home/daniel/airflow/dags/groups/group_download.py
[2024-06-29T22:35:09.752+0700] {processor.py:183} INFO - Processing /home/daniel/airflow/dags/groups/group_download.py took 0.027 seconds
[2024-06-29T22:35:40.741+0700] {processor.py:161} INFO - Started process (PID=11847) to work on /home/daniel/airflow/dags/groups/group_download.py
[2024-06-29T22:35:40.742+0700] {processor.py:830} INFO - Processing file /home/daniel/airflow/dags/groups/group_download.py for tasks to queue
[2024-06-29T22:35:40.743+0700] {logging_mixin.py:188} INFO - [2024-06-29T22:35:40.743+0700] {dagbag.py:545} INFO - Filling up the DagBag from /home/daniel/airflow/dags/groups/group_download.py
[2024-06-29T22:35:40.744+0700] {processor.py:842} WARNING - No viable dags retrieved from /home/daniel/airflow/dags/groups/group_download.py
[2024-06-29T22:35:40.761+0700] {processor.py:183} INFO - Processing /home/daniel/airflow/dags/groups/group_download.py took 0.027 seconds
[2024-06-29T22:36:11.734+0700] {processor.py:161} INFO - Started process (PID=12022) to work on /home/daniel/airflow/dags/groups/group_download.py
[2024-06-29T22:36:11.735+0700] {processor.py:830} INFO - Processing file /home/daniel/airflow/dags/groups/group_download.py for tasks to queue
[2024-06-29T22:36:11.736+0700] {logging_mixin.py:188} INFO - [2024-06-29T22:36:11.736+0700] {dagbag.py:545} INFO - Filling up the DagBag from /home/daniel/airflow/dags/groups/group_download.py
[2024-06-29T22:36:11.738+0700] {processor.py:842} WARNING - No viable dags retrieved from /home/daniel/airflow/dags/groups/group_download.py
[2024-06-29T22:36:11.755+0700] {processor.py:183} INFO - Processing /home/daniel/airflow/dags/groups/group_download.py took 0.028 seconds
