[2024-06-24T11:58:28.240+0700] {local_task_job_runner.py:120} INFO - ::group::Pre task execution logs
[2024-06-24T11:58:28.258+0700] {taskinstance.py:2076} INFO - Dependencies all met for dep_context=non-requeueable deps ti=<TaskInstance: user_processing.extract_user manual__2024-06-24T04:58:25.706037+00:00 [queued]>
[2024-06-24T11:58:28.265+0700] {taskinstance.py:2076} INFO - Dependencies all met for dep_context=requeueable deps ti=<TaskInstance: user_processing.extract_user manual__2024-06-24T04:58:25.706037+00:00 [queued]>
[2024-06-24T11:58:28.265+0700] {taskinstance.py:2306} INFO - Starting attempt 1 of 1
[2024-06-24T11:58:28.275+0700] {taskinstance.py:2330} INFO - Executing <Task(SimpleHttpOperator): extract_user> on 2024-06-24 04:58:25.706037+00:00
[2024-06-24T11:58:28.280+0700] {standard_task_runner.py:63} INFO - Started process 32908 to run task
[2024-06-24T11:58:28.283+0700] {standard_task_runner.py:90} INFO - Running: ['***', 'tasks', 'run', 'user_processing', 'extract_user', 'manual__2024-06-24T04:58:25.706037+00:00', '--job-id', '19', '--raw', '--subdir', 'DAGS_FOLDER/user_processing.py', '--cfg-path', '/tmp/tmprjxwll8x']
[2024-06-24T11:58:28.284+0700] {standard_task_runner.py:91} INFO - Job 19: Subtask extract_user
[2024-06-24T11:58:28.341+0700] {task_command.py:426} INFO - Running <TaskInstance: user_processing.extract_user manual__2024-06-24T04:58:25.706037+00:00 [running]> on host daniel
[2024-06-24T11:58:28.439+0700] {taskinstance.py:2648} INFO - Exporting env vars: AIRFLOW_CTX_DAG_OWNER='***' AIRFLOW_CTX_DAG_ID='user_processing' AIRFLOW_CTX_TASK_ID='extract_user' AIRFLOW_CTX_EXECUTION_DATE='2024-06-24T04:58:25.706037+00:00' AIRFLOW_CTX_TRY_NUMBER='1' AIRFLOW_CTX_DAG_RUN_ID='manual__2024-06-24T04:58:25.706037+00:00'
[2024-06-24T11:58:28.440+0700] {taskinstance.py:430} INFO - ::endgroup::
[2024-06-24T11:58:28.441+0700] {http.py:169} INFO - Calling HTTP method
[2024-06-24T11:58:28.455+0700] {base.py:84} INFO - Using connection ID 'user_api' for task execution.
[2024-06-24T11:58:28.467+0700] {base.py:84} INFO - Using connection ID 'user_api' for task execution.
[2024-06-24T11:58:29.028+0700] {http.py:208} INFO - {"results":[{"gender":"female","name":{"title":"Mrs","first":"Eliza","last":"Horton"},"location":{"street":{"number":8129,"name":"The Green"},"city":"Ballybofey-Stranorlar","state":"Limerick","country":"Ireland","postcode":25129,"coordinates":{"latitude":"0.2358","longitude":"82.1180"},"timezone":{"offset":"+4:00","description":"Abu Dhabi, Muscat, Baku, Tbilisi"}},"email":"eliza.horton@example.com","login":{"uuid":"5699de18-29d8-44d3-8442-5408cf56d3ff","username":"blackfrog354","password":"coolman","salt":"JYGtZoqt","md5":"f3701dc367fc85fd479c8ce49277984e","sha1":"488210c12ec79f1f22783834118d86195265d50b","sha256":"0acdd0fcd8df6a2c3fc18dff38d62a0e3efdbd8f9cd4896a0b314752de0e96c7"},"dob":{"date":"1947-11-02T13:50:04.496Z","age":76},"registered":{"date":"2013-06-15T16:30:19.790Z","age":11},"phone":"071-348-2999","cell":"081-510-8721","id":{"name":"PPS","value":"9988143T"},"picture":{"large":"https://randomuser.me/api/portraits/women/72.jpg","medium":"https://randomuser.me/api/portraits/med/women/72.jpg","thumbnail":"https://randomuser.me/api/portraits/thumb/women/72.jpg"},"nat":"IE"}],"info":{"seed":"88f05d3e50fa34d1","results":1,"page":1,"version":"1.4"}}
[2024-06-24T11:58:29.030+0700] {taskinstance.py:441} INFO - ::group::Post task execution logs
[2024-06-24T11:58:29.058+0700] {taskinstance.py:1206} INFO - Marking task as SUCCESS. dag_id=user_processing, task_id=extract_user, run_id=manual__2024-06-24T04:58:25.706037+00:00, execution_date=20240624T045825, start_date=20240624T045828, end_date=20240624T045829
[2024-06-24T11:58:29.109+0700] {local_task_job_runner.py:240} INFO - Task exited with return code 0
[2024-06-24T11:58:29.127+0700] {logging_mixin.py:188} WARNING - /home/daniel/***/venv/lib/python3.10/site-packages/***/models/baseoperator.py:1297 AirflowProviderDeprecationWarning: Call to deprecated class SimpleHttpOperator. (Class `SimpleHttpOperator` is deprecated and will be removed in a future release. Please use `HttpOperator` instead.)
[2024-06-24T11:58:29.136+0700] {taskinstance.py:3503} INFO - 1 downstream tasks scheduled from follow-on schedule check
[2024-06-24T11:58:29.137+0700] {local_task_job_runner.py:222} INFO - ::endgroup::
