[2024-06-24T13:56:56.963+0700] {local_task_job_runner.py:120} INFO - ::group::Pre task execution logs
[2024-06-24T13:56:56.984+0700] {taskinstance.py:2076} INFO - Dependencies all met for dep_context=non-requeueable deps ti=<TaskInstance: user_processing.extract_user manual__2024-06-24T06:51:37.992266+00:00 [queued]>
[2024-06-24T13:56:56.991+0700] {taskinstance.py:2076} INFO - Dependencies all met for dep_context=requeueable deps ti=<TaskInstance: user_processing.extract_user manual__2024-06-24T06:51:37.992266+00:00 [queued]>
[2024-06-24T13:56:56.991+0700] {taskinstance.py:2306} INFO - Starting attempt 1 of 1
[2024-06-24T13:56:57.000+0700] {taskinstance.py:2330} INFO - Executing <Task(SimpleHttpOperator): extract_user> on 2024-06-24 06:51:37.992266+00:00
[2024-06-24T13:56:57.006+0700] {standard_task_runner.py:63} INFO - Started process 63052 to run task
[2024-06-24T13:56:57.009+0700] {standard_task_runner.py:90} INFO - Running: ['***', 'tasks', 'run', 'user_processing', 'extract_user', 'manual__2024-06-24T06:51:37.992266+00:00', '--job-id', '36', '--raw', '--subdir', 'DAGS_FOLDER/user_processing.py', '--cfg-path', '/tmp/tmpaoiae7ps']
[2024-06-24T13:56:57.011+0700] {standard_task_runner.py:91} INFO - Job 36: Subtask extract_user
[2024-06-24T13:56:57.071+0700] {task_command.py:426} INFO - Running <TaskInstance: user_processing.extract_user manual__2024-06-24T06:51:37.992266+00:00 [running]> on host daniel
[2024-06-24T13:56:57.170+0700] {taskinstance.py:2648} INFO - Exporting env vars: AIRFLOW_CTX_DAG_OWNER='***' AIRFLOW_CTX_DAG_ID='user_processing' AIRFLOW_CTX_TASK_ID='extract_user' AIRFLOW_CTX_EXECUTION_DATE='2024-06-24T06:51:37.992266+00:00' AIRFLOW_CTX_TRY_NUMBER='1' AIRFLOW_CTX_DAG_RUN_ID='manual__2024-06-24T06:51:37.992266+00:00'
[2024-06-24T13:56:57.171+0700] {taskinstance.py:430} INFO - ::endgroup::
[2024-06-24T13:56:57.171+0700] {http.py:169} INFO - Calling HTTP method
[2024-06-24T13:56:57.185+0700] {base.py:84} INFO - Using connection ID 'user_api' for task execution.
[2024-06-24T13:56:57.197+0700] {base.py:84} INFO - Using connection ID 'user_api' for task execution.
[2024-06-24T13:56:57.652+0700] {http.py:208} INFO - {"results":[{"gender":"female","name":{"title":"Miss","first":"Fatma","last":"Ayaydın"},"location":{"street":{"number":5067,"name":"Abanoz Sk"},"city":"Siirt","state":"Ordu","country":"Turkey","postcode":29389,"coordinates":{"latitude":"70.8147","longitude":"6.7264"},"timezone":{"offset":"+7:00","description":"Bangkok, Hanoi, Jakarta"}},"email":"fatma.ayaydin@example.com","login":{"uuid":"621d86ba-3c4a-475f-8a81-f4e0916d57fc","username":"beautifulzebra329","password":"lawman","salt":"YsNDw8IM","md5":"005a1665f06e060e2a8c41ff5c5f7552","sha1":"90ae2b82dd286470f41407c424eebf52f23dab1f","sha256":"b71c9386b50243788b2a57033be71d8b4f591b846aff26e96bed30e98c55435e"},"dob":{"date":"1997-07-10T08:48:07.564Z","age":26},"registered":{"date":"2002-05-31T07:26:02.107Z","age":22},"phone":"(048)-349-7569","cell":"(162)-051-2876","id":{"name":"","value":null},"picture":{"large":"https://randomuser.me/api/portraits/women/57.jpg","medium":"https://randomuser.me/api/portraits/med/women/57.jpg","thumbnail":"https://randomuser.me/api/portraits/thumb/women/57.jpg"},"nat":"TR"}],"info":{"seed":"2d96034dbd1f7e69","results":1,"page":1,"version":"1.4"}}
[2024-06-24T13:56:57.653+0700] {taskinstance.py:441} INFO - ::group::Post task execution logs
[2024-06-24T13:56:57.685+0700] {taskinstance.py:1206} INFO - Marking task as SUCCESS. dag_id=user_processing, task_id=extract_user, run_id=manual__2024-06-24T06:51:37.992266+00:00, execution_date=20240624T065137, start_date=20240624T065656, end_date=20240624T065657
[2024-06-24T13:56:57.714+0700] {local_task_job_runner.py:240} INFO - Task exited with return code 0
[2024-06-24T13:56:57.733+0700] {logging_mixin.py:188} WARNING - /home/daniel/***/venv/lib/python3.10/site-packages/***/models/baseoperator.py:1297 AirflowProviderDeprecationWarning: Call to deprecated class SimpleHttpOperator. (Class `SimpleHttpOperator` is deprecated and will be removed in a future release. Please use `HttpOperator` instead.)
[2024-06-24T13:56:57.746+0700] {taskinstance.py:3503} INFO - 1 downstream tasks scheduled from follow-on schedule check
[2024-06-24T13:56:57.747+0700] {local_task_job_runner.py:222} INFO - ::endgroup::
