[2024-06-24T13:56:15.045+0700] {local_task_job_runner.py:120} INFO - ::group::Pre task execution logs
[2024-06-24T13:56:15.070+0700] {taskinstance.py:2076} INFO - Dependencies all met for dep_context=non-requeueable deps ti=<TaskInstance: user_processing.create_table manual__2024-06-24T06:50:17.142537+00:00 [queued]>
[2024-06-24T13:56:15.079+0700] {taskinstance.py:2076} INFO - Dependencies all met for dep_context=requeueable deps ti=<TaskInstance: user_processing.create_table manual__2024-06-24T06:50:17.142537+00:00 [queued]>
[2024-06-24T13:56:15.080+0700] {taskinstance.py:2306} INFO - Starting attempt 1 of 1
[2024-06-24T13:56:15.091+0700] {taskinstance.py:2330} INFO - Executing <Task(PostgresOperator): create_table> on 2024-06-24 06:50:17.142537+00:00
[2024-06-24T13:56:15.101+0700] {standard_task_runner.py:63} INFO - Started process 62465 to run task
[2024-06-24T13:56:15.105+0700] {standard_task_runner.py:90} INFO - Running: ['***', 'tasks', 'run', 'user_processing', 'create_table', 'manual__2024-06-24T06:50:17.142537+00:00', '--job-id', '25', '--raw', '--subdir', 'DAGS_FOLDER/user_processing.py', '--cfg-path', '/tmp/tmpp3u6ps_8']
[2024-06-24T13:56:15.107+0700] {standard_task_runner.py:91} INFO - Job 25: Subtask create_table
[2024-06-24T13:56:15.186+0700] {task_command.py:426} INFO - Running <TaskInstance: user_processing.create_table manual__2024-06-24T06:50:17.142537+00:00 [running]> on host daniel
[2024-06-24T13:56:15.303+0700] {taskinstance.py:2648} INFO - Exporting env vars: AIRFLOW_CTX_DAG_OWNER='***' AIRFLOW_CTX_DAG_ID='user_processing' AIRFLOW_CTX_TASK_ID='create_table' AIRFLOW_CTX_EXECUTION_DATE='2024-06-24T06:50:17.142537+00:00' AIRFLOW_CTX_TRY_NUMBER='1' AIRFLOW_CTX_DAG_RUN_ID='manual__2024-06-24T06:50:17.142537+00:00'
[2024-06-24T13:56:15.305+0700] {taskinstance.py:430} INFO - ::endgroup::
[2024-06-24T13:56:15.306+0700] {sql.py:276} INFO - Executing: 
            CREATE TABLE IF NOT EXISTS users (
                firstname TEXT NOT NULL,
                lastname TEXT NOT NULL,
                country TEXT NOT NULL,
                username TEXT NOT NULL,
                password TEXT NOT NULL,
                email TEXT NOT NULL
            );
        
[2024-06-24T13:56:15.323+0700] {base.py:84} INFO - Using connection ID 'postgres_default' for task execution.
[2024-06-24T13:56:15.339+0700] {base.py:84} INFO - Using connection ID 'postgres_default' for task execution.
[2024-06-24T13:56:15.349+0700] {sql.py:487} INFO - Running statement: 
            CREATE TABLE IF NOT EXISTS users (
                firstname TEXT NOT NULL,
                lastname TEXT NOT NULL,
                country TEXT NOT NULL,
                username TEXT NOT NULL,
                password TEXT NOT NULL,
                email TEXT NOT NULL
            );
        , parameters: None
[2024-06-24T13:56:15.357+0700] {taskinstance.py:441} INFO - ::group::Post task execution logs
[2024-06-24T13:56:15.383+0700] {taskinstance.py:1206} INFO - Marking task as SUCCESS. dag_id=user_processing, task_id=create_table, run_id=manual__2024-06-24T06:50:17.142537+00:00, execution_date=20240624T065017, start_date=20240624T065615, end_date=20240624T065615
[2024-06-24T13:56:15.443+0700] {local_task_job_runner.py:240} INFO - Task exited with return code 0
[2024-06-24T13:56:15.469+0700] {taskinstance.py:3503} INFO - 0 downstream tasks scheduled from follow-on schedule check
[2024-06-24T13:56:15.470+0700] {local_task_job_runner.py:222} INFO - ::endgroup::
