[2024-06-24T11:50:42.704+0700] {local_task_job_runner.py:120} INFO - ::group::Pre task execution logs
[2024-06-24T11:50:42.721+0700] {taskinstance.py:2076} INFO - Dependencies all met for dep_context=non-requeueable deps ti=<TaskInstance: user_processing.extract_user manual__2024-06-24T04:50:36.069124+00:00 [queued]>
[2024-06-24T11:50:42.728+0700] {taskinstance.py:2076} INFO - Dependencies all met for dep_context=requeueable deps ti=<TaskInstance: user_processing.extract_user manual__2024-06-24T04:50:36.069124+00:00 [queued]>
[2024-06-24T11:50:42.728+0700] {taskinstance.py:2306} INFO - Starting attempt 1 of 1
[2024-06-24T11:50:42.737+0700] {taskinstance.py:2330} INFO - Executing <Task(SimpleHttpOperator): extract_user> on 2024-06-24 04:50:36.069124+00:00
[2024-06-24T11:50:42.742+0700] {standard_task_runner.py:63} INFO - Started process 30660 to run task
[2024-06-24T11:50:42.745+0700] {standard_task_runner.py:90} INFO - Running: ['***', 'tasks', 'run', 'user_processing', 'extract_user', 'manual__2024-06-24T04:50:36.069124+00:00', '--job-id', '8', '--raw', '--subdir', 'DAGS_FOLDER/user_processing.py', '--cfg-path', '/tmp/tmpg086km1g']
[2024-06-24T11:50:42.745+0700] {standard_task_runner.py:91} INFO - Job 8: Subtask extract_user
[2024-06-24T11:50:42.810+0700] {task_command.py:426} INFO - Running <TaskInstance: user_processing.extract_user manual__2024-06-24T04:50:36.069124+00:00 [running]> on host daniel
[2024-06-24T11:50:42.912+0700] {taskinstance.py:2648} INFO - Exporting env vars: AIRFLOW_CTX_DAG_OWNER='***' AIRFLOW_CTX_DAG_ID='user_processing' AIRFLOW_CTX_TASK_ID='extract_user' AIRFLOW_CTX_EXECUTION_DATE='2024-06-24T04:50:36.069124+00:00' AIRFLOW_CTX_TRY_NUMBER='1' AIRFLOW_CTX_DAG_RUN_ID='manual__2024-06-24T04:50:36.069124+00:00'
[2024-06-24T11:50:42.913+0700] {taskinstance.py:430} INFO - ::endgroup::
[2024-06-24T11:50:42.913+0700] {http.py:169} INFO - Calling HTTP method
[2024-06-24T11:50:42.925+0700] {base.py:84} INFO - Using connection ID 'user_api' for task execution.
[2024-06-24T11:50:42.937+0700] {base.py:84} INFO - Using connection ID 'user_api' for task execution.
[2024-06-24T11:50:43.488+0700] {http.py:208} INFO - {"results":[{"gender":"female","name":{"title":"Miss","first":"Antonieta","last":"Rocha"},"location":{"street":{"number":1509,"name":"Rua Quinze de Novembro "},"city":"Apucarana","state":"Acre","country":"Brazil","postcode":94003,"coordinates":{"latitude":"-75.7318","longitude":"108.5344"},"timezone":{"offset":"+8:00","description":"Beijing, Perth, Singapore, Hong Kong"}},"email":"antonieta.rocha@example.com","login":{"uuid":"1d4d2900-ee95-4db6-adb0-42f1de48b322","username":"angryfish230","password":"pitbull","salt":"6KuZSy4Z","md5":"81436b8cea1426d7976db7024875d7db","sha1":"fc093a72da798fd4066648854facfb8130a3a78b","sha256":"d9e90af1ebfaedd6bf4ef127fb2c087c666d10413d082c4f89ad1a67569d4848"},"dob":{"date":"2000-12-16T16:14:24.196Z","age":23},"registered":{"date":"2004-07-03T01:44:36.136Z","age":19},"phone":"(92) 5721-1620","cell":"(32) 4769-1599","id":{"name":"CPF","value":"625.889.462-50"},"picture":{"large":"https://randomuser.me/api/portraits/women/79.jpg","medium":"https://randomuser.me/api/portraits/med/women/79.jpg","thumbnail":"https://randomuser.me/api/portraits/thumb/women/79.jpg"},"nat":"BR"}],"info":{"seed":"0cec59d80b79e936","results":1,"page":1,"version":"1.4"}}
[2024-06-24T11:50:43.490+0700] {taskinstance.py:441} INFO - ::group::Post task execution logs
[2024-06-24T11:50:43.519+0700] {taskinstance.py:1206} INFO - Marking task as SUCCESS. dag_id=user_processing, task_id=extract_user, run_id=manual__2024-06-24T04:50:36.069124+00:00, execution_date=20240624T045036, start_date=20240624T045042, end_date=20240624T045043
[2024-06-24T11:50:43.571+0700] {local_task_job_runner.py:240} INFO - Task exited with return code 0
[2024-06-24T11:50:43.593+0700] {logging_mixin.py:188} WARNING - /home/daniel/***/venv/lib/python3.10/site-packages/***/models/baseoperator.py:1297 AirflowProviderDeprecationWarning: Call to deprecated class SimpleHttpOperator. (Class `SimpleHttpOperator` is deprecated and will be removed in a future release. Please use `HttpOperator` instead.)
[2024-06-24T11:50:43.603+0700] {taskinstance.py:3503} INFO - 1 downstream tasks scheduled from follow-on schedule check
[2024-06-24T11:50:43.604+0700] {local_task_job_runner.py:222} INFO - ::endgroup::
