[2024-06-24T11:50:39.262+0700] {local_task_job_runner.py:120} INFO - ::group::Pre task execution logs
[2024-06-24T11:50:39.283+0700] {taskinstance.py:2076} INFO - Dependencies all met for dep_context=non-requeueable deps ti=<TaskInstance: user_processing.extract_user scheduled__2024-06-23T00:00:00+00:00 [queued]>
[2024-06-24T11:50:39.293+0700] {taskinstance.py:2076} INFO - Dependencies all met for dep_context=requeueable deps ti=<TaskInstance: user_processing.extract_user scheduled__2024-06-23T00:00:00+00:00 [queued]>
[2024-06-24T11:50:39.293+0700] {taskinstance.py:2306} INFO - Starting attempt 1 of 1
[2024-06-24T11:50:39.304+0700] {taskinstance.py:2330} INFO - Executing <Task(SimpleHttpOperator): extract_user> on 2024-06-23 00:00:00+00:00
[2024-06-24T11:50:39.312+0700] {standard_task_runner.py:63} INFO - Started process 30632 to run task
[2024-06-24T11:50:39.321+0700] {standard_task_runner.py:90} INFO - Running: ['***', 'tasks', 'run', 'user_processing', 'extract_user', 'scheduled__2024-06-23T00:00:00+00:00', '--job-id', '7', '--raw', '--subdir', 'DAGS_FOLDER/user_processing.py', '--cfg-path', '/tmp/tmpde1uxsrs']
[2024-06-24T11:50:39.322+0700] {standard_task_runner.py:91} INFO - Job 7: Subtask extract_user
[2024-06-24T11:50:39.449+0700] {task_command.py:426} INFO - Running <TaskInstance: user_processing.extract_user scheduled__2024-06-23T00:00:00+00:00 [running]> on host daniel
[2024-06-24T11:50:39.582+0700] {taskinstance.py:2648} INFO - Exporting env vars: AIRFLOW_CTX_DAG_OWNER='***' AIRFLOW_CTX_DAG_ID='user_processing' AIRFLOW_CTX_TASK_ID='extract_user' AIRFLOW_CTX_EXECUTION_DATE='2024-06-23T00:00:00+00:00' AIRFLOW_CTX_TRY_NUMBER='1' AIRFLOW_CTX_DAG_RUN_ID='scheduled__2024-06-23T00:00:00+00:00'
[2024-06-24T11:50:39.587+0700] {taskinstance.py:430} INFO - ::endgroup::
[2024-06-24T11:50:39.587+0700] {http.py:169} INFO - Calling HTTP method
[2024-06-24T11:50:39.602+0700] {base.py:84} INFO - Using connection ID 'user_api' for task execution.
[2024-06-24T11:50:39.621+0700] {base.py:84} INFO - Using connection ID 'user_api' for task execution.
[2024-06-24T11:50:40.144+0700] {http.py:208} INFO - {"results":[{"gender":"male","name":{"title":"Mr","first":"Leszek","last":"Plötz"},"location":{"street":{"number":3846,"name":"Heideweg"},"city":"Schüttorf","state":"Mecklenburg-Vorpommern","country":"Germany","postcode":17856,"coordinates":{"latitude":"-51.9982","longitude":"-151.6830"},"timezone":{"offset":"+11:00","description":"Magadan, Solomon Islands, New Caledonia"}},"email":"leszek.plotz@example.com","login":{"uuid":"aaf66c71-46e3-4aa1-a0c2-175d3211e47f","username":"silvercat169","password":"232323","salt":"sx3nNPfA","md5":"174e8c8ad35c6ebe01b0f53ff74fab8d","sha1":"c1e2bc38e0b88218cae589b1c23bb4f06bc8e5ef","sha256":"f6f877c7d7e741ab6944bdbfcfcbeb5cab86d0e56ee95849401d5e32d997a657"},"dob":{"date":"1971-11-15T19:30:33.168Z","age":52},"registered":{"date":"2009-04-24T08:43:40.174Z","age":15},"phone":"0210-0924957","cell":"0172-0164625","id":{"name":"SVNR","value":"02 151171 P 392"},"picture":{"large":"https://randomuser.me/api/portraits/men/85.jpg","medium":"https://randomuser.me/api/portraits/med/men/85.jpg","thumbnail":"https://randomuser.me/api/portraits/thumb/men/85.jpg"},"nat":"DE"}],"info":{"seed":"929a32208f6958bc","results":1,"page":1,"version":"1.4"}}
[2024-06-24T11:50:40.147+0700] {taskinstance.py:441} INFO - ::group::Post task execution logs
[2024-06-24T11:50:40.180+0700] {taskinstance.py:1206} INFO - Marking task as SUCCESS. dag_id=user_processing, task_id=extract_user, run_id=scheduled__2024-06-23T00:00:00+00:00, execution_date=20240623T000000, start_date=20240624T045039, end_date=20240624T045040
[2024-06-24T11:50:40.235+0700] {local_task_job_runner.py:240} INFO - Task exited with return code 0
[2024-06-24T11:50:40.253+0700] {logging_mixin.py:188} WARNING - /home/daniel/***/venv/lib/python3.10/site-packages/***/models/baseoperator.py:1297 AirflowProviderDeprecationWarning: Call to deprecated class SimpleHttpOperator. (Class `SimpleHttpOperator` is deprecated and will be removed in a future release. Please use `HttpOperator` instead.)
[2024-06-24T11:50:40.262+0700] {taskinstance.py:3503} INFO - 1 downstream tasks scheduled from follow-on schedule check
[2024-06-24T11:50:40.263+0700] {local_task_job_runner.py:222} INFO - ::endgroup::
