[2024-06-24T13:56:24.544+0700] {local_task_job_runner.py:120} INFO - ::group::Pre task execution logs
[2024-06-24T13:56:24.567+0700] {taskinstance.py:2076} INFO - Dependencies all met for dep_context=non-requeueable deps ti=<TaskInstance: user_processing.is_api_available manual__2024-06-24T06:50:17.142537+00:00 [queued]>
[2024-06-24T13:56:24.575+0700] {taskinstance.py:2076} INFO - Dependencies all met for dep_context=requeueable deps ti=<TaskInstance: user_processing.is_api_available manual__2024-06-24T06:50:17.142537+00:00 [queued]>
[2024-06-24T13:56:24.575+0700] {taskinstance.py:2306} INFO - Starting attempt 1 of 1
[2024-06-24T13:56:24.586+0700] {taskinstance.py:2330} INFO - Executing <Task(HttpSensor): is_api_available> on 2024-06-24 06:50:17.142537+00:00
[2024-06-24T13:56:24.593+0700] {standard_task_runner.py:63} INFO - Started process 62594 to run task
[2024-06-24T13:56:24.597+0700] {standard_task_runner.py:90} INFO - Running: ['***', 'tasks', 'run', 'user_processing', 'is_api_available', 'manual__2024-06-24T06:50:17.142537+00:00', '--job-id', '28', '--raw', '--subdir', 'DAGS_FOLDER/user_processing.py', '--cfg-path', '/tmp/tmpuo4q4cea']
[2024-06-24T13:56:24.598+0700] {standard_task_runner.py:91} INFO - Job 28: Subtask is_api_available
[2024-06-24T13:56:24.661+0700] {task_command.py:426} INFO - Running <TaskInstance: user_processing.is_api_available manual__2024-06-24T06:50:17.142537+00:00 [running]> on host daniel
[2024-06-24T13:56:24.755+0700] {taskinstance.py:2648} INFO - Exporting env vars: AIRFLOW_CTX_DAG_OWNER='***' AIRFLOW_CTX_DAG_ID='user_processing' AIRFLOW_CTX_TASK_ID='is_api_available' AIRFLOW_CTX_EXECUTION_DATE='2024-06-24T06:50:17.142537+00:00' AIRFLOW_CTX_TRY_NUMBER='1' AIRFLOW_CTX_DAG_RUN_ID='manual__2024-06-24T06:50:17.142537+00:00'
[2024-06-24T13:56:24.756+0700] {taskinstance.py:430} INFO - ::endgroup::
[2024-06-24T13:56:24.757+0700] {baseoperator.py:400} WARNING - HttpSensor.execute cannot be called outside TaskInstance!
[2024-06-24T13:56:24.757+0700] {http.py:137} INFO - Poking: api/
[2024-06-24T13:56:24.770+0700] {base.py:84} INFO - Using connection ID 'user_api' for task execution.
[2024-06-24T13:56:25.282+0700] {base.py:294} INFO - Success criteria met. Exiting.
[2024-06-24T13:56:25.283+0700] {taskinstance.py:441} INFO - ::group::Post task execution logs
[2024-06-24T13:56:25.295+0700] {taskinstance.py:1206} INFO - Marking task as SUCCESS. dag_id=user_processing, task_id=is_api_available, run_id=manual__2024-06-24T06:50:17.142537+00:00, execution_date=20240624T065017, start_date=20240624T065624, end_date=20240624T065625
[2024-06-24T13:56:25.340+0700] {local_task_job_runner.py:240} INFO - Task exited with return code 0
[2024-06-24T13:56:25.358+0700] {logging_mixin.py:188} WARNING - /home/daniel/***/venv/lib/python3.10/site-packages/***/models/baseoperator.py:1297 AirflowProviderDeprecationWarning: Call to deprecated class SimpleHttpOperator. (Class `SimpleHttpOperator` is deprecated and will be removed in a future release. Please use `HttpOperator` instead.)
[2024-06-24T13:56:25.375+0700] {taskinstance.py:3503} INFO - 1 downstream tasks scheduled from follow-on schedule check
[2024-06-24T13:56:25.376+0700] {local_task_job_runner.py:222} INFO - ::endgroup::
